[    0.000000] Initializing cgroup subsys cpuset
[    0.000000] Initializing cgroup subsys cpu
[    0.000000] Initializing cgroup subsys cpuacct
[    0.000000] Linux version 4.4.0-116-generic (buildd@lgw01-amd64-021) (gcc version 5.4.0 20160609 (Ubuntu 5.4.0-6ubuntu1~16.04.9) ) #140-Ubuntu SMP Mon Feb 12 21:23:04 UTC 2018 (Ubuntu 4.4.0-116.140-generic 4.4.98)
[    0.000000] Command line: BOOT_IMAGE=/boot/vmlinuz-4.4.0-116-generic root=LABEL=cloudimg-rootfs ro console=tty1 console=ttyS0
[    0.000000] KERNEL supported cpus:
[    0.000000]   Intel GenuineIntel
[    0.000000]   AMD AuthenticAMD
[    0.000000]   Centaur CentaurHauls
[    0.000000] x86/fpu: xstate_offset[2]:  576, xstate_sizes[2]:  256
[    0.000000] x86/fpu: Supporting XSAVE feature 0x01: 'x87 floating point registers'
[    0.000000] x86/fpu: Supporting XSAVE feature 0x02: 'SSE registers'
[    0.000000] x86/fpu: Supporting XSAVE feature 0x04: 'AVX registers'
[    0.000000] x86/fpu: Enabled xstate features 0x7, context size is 832 bytes, using 'standard' format.
[    0.000000] x86/fpu: Using 'lazy' FPU context switches.
[    0.000000] e820: BIOS-provided physical RAM map:
[    0.000000] BIOS-e820: [mem 0x0000000000000000-0x000000000009fbff] usable
[    0.000000] BIOS-e820: [mem 0x000000000009fc00-0x000000000009ffff] reserved
[    0.000000] BIOS-e820: [mem 0x00000000000f0000-0x00000000000fffff] reserved
[    0.000000] BIOS-e820: [mem 0x0000000000100000-0x000000001ffeffff] usable
[    0.000000] BIOS-e820: [mem 0x000000001fff0000-0x000000001fffffff] ACPI data
[    0.000000] BIOS-e820: [mem 0x00000000fec00000-0x00000000fec00fff] reserved
[    0.000000] BIOS-e820: [mem 0x00000000fee00000-0x00000000fee00fff] reserved
[    0.000000] BIOS-e820: [mem 0x00000000fffc0000-0x00000000ffffffff] reserved
[    0.000000] NX (Execute Disable) protection: active
[    0.000000] SMBIOS 2.5 present.
[    0.000000] Hypervisor detected: KVM
[    0.000000] e820: last_pfn = 0x1fff0 max_arch_pfn = 0x400000000
[    0.000000] MTRR: Disabled
[    0.000000] x86/PAT: MTRRs disabled, skipping PAT initialization too.
[    0.000000] CPU MTRRs all blank - virtualized system.
[    0.000000] x86/PAT: Configuration [0-7]: WB  WT  UC- UC  WB  WT  UC- UC  
[    0.000000] found SMP MP-table at [mem 0x0009fff0-0x0009ffff] mapped at [ffff88000009fff0]
[    0.000000] Scanning 1 areas for low memory corruption
[    0.000000] RAMDISK: [mem 0x1ecaa000-0x1f740fff]
[    0.000000] ACPI: Early table checksum verification disabled
[    0.000000] ACPI: RSDP 0x00000000000E0000 000024 (v02 VBOX  )
[    0.000000] ACPI: XSDT 0x000000001FFF0030 00003C (v01 VBOX   VBOXXSDT 00000001 ASL  00000061)
[    0.000000] ACPI: FACP 0x000000001FFF00F0 0000F4 (v04 VBOX   VBOXFACP 00000001 ASL  00000061)
[    0.000000] ACPI: DSDT 0x000000001FFF0470 0021FF (v02 VBOX   VBOXBIOS 00000002 INTL 20170728)
[    0.000000] ACPI: FACS 0x000000001FFF0200 000040
[    0.000000] ACPI: FACS 0x000000001FFF0200 000040
[    0.000000] ACPI: APIC 0x000000001FFF0240 000054 (v02 VBOX   VBOXAPIC 00000001 ASL  00000061)
[    0.000000] ACPI: SSDT 0x000000001FFF02A0 0001CC (v01 VBOX   VBOXCPUT 00000002 INTL 20170728)
[    0.000000] No NUMA configuration found
[    0.000000] Faking a node at [mem 0x0000000000000000-0x000000001ffeffff]
[    0.000000] NODE_DATA(0) allocated [mem 0x1ffeb000-0x1ffeffff]
[    0.000000] kvm-clock: Using msrs 4b564d01 and 4b564d00
[    0.000000] kvm-clock: cpu 0, msr 0:1ffe3001, primary cpu clock
[    0.000000] kvm-clock: using sched offset of 14926528382 cycles
[    0.000000] clocksource: kvm-clock: mask: 0xffffffffffffffff max_cycles: 0x1cd42e4dffb, max_idle_ns: 881590591483 ns
[    0.000000] Zone ranges:
[    0.000000]   DMA      [mem 0x0000000000001000-0x0000000000ffffff]
[    0.000000]   DMA32    [mem 0x0000000001000000-0x000000001ffeffff]
[    0.000000]   Normal   empty
[    0.000000]   Device   empty
[    0.000000] Movable zone start for each node
[    0.000000] Early memory node ranges
[    0.000000]   node   0: [mem 0x0000000000001000-0x000000000009efff]
[    0.000000]   node   0: [mem 0x0000000000100000-0x000000001ffeffff]
[    0.000000] Initmem setup node 0 [mem 0x0000000000001000-0x000000001ffeffff]
[    0.000000] ACPI: PM-Timer IO Port: 0x4008
[    0.000000] IOAPIC[0]: apic_id 1, version 32, address 0xfec00000, GSI 0-23
[    0.000000] ACPI: INT_SRC_OVR (bus 0 bus_irq 0 global_irq 2 dfl dfl)
[    0.000000] ACPI: INT_SRC_OVR (bus 0 bus_irq 9 global_irq 9 high level)
[    0.000000] Using ACPI (MADT) for SMP configuration information
[    0.000000] smpboot: Allowing 1 CPUs, 0 hotplug CPUs
[    0.000000] PM: Registered nosave memory: [mem 0x00000000-0x00000fff]
[    0.000000] PM: Registered nosave memory: [mem 0x0009f000-0x0009ffff]
[    0.000000] PM: Registered nosave memory: [mem 0x000a0000-0x000effff]
[    0.000000] PM: Registered nosave memory: [mem 0x000f0000-0x000fffff]
[    0.000000] e820: [mem 0x20000000-0xfebfffff] available for PCI devices
[    0.000000] Booting paravirtualized kernel on KVM
[    0.000000] clocksource: refined-jiffies: mask: 0xffffffff max_cycles: 0xffffffff, max_idle_ns: 7645519600211568 ns
[    0.000000] setup_percpu: NR_CPUS:512 nr_cpumask_bits:512 nr_cpu_ids:1 nr_node_ids:1
[    0.000000] PERCPU: Embedded 34 pages/cpu @ffff88001fc00000 s99544 r8192 d31528 u2097152
[    0.000000] PV qspinlock hash table entries: 256 (order: 0, 4096 bytes)
[    0.000000] Built 1 zonelists in Node order, mobility grouping on.  Total pages: 128889
[    0.000000] Policy zone: DMA32
[    0.000000] Kernel command line: BOOT_IMAGE=/boot/vmlinuz-4.4.0-116-generic root=LABEL=cloudimg-rootfs ro console=tty1 console=ttyS0
[    0.000000] PID hash table entries: 2048 (order: 2, 16384 bytes)
[    0.000000] Memory: 485744K/523832K available (8530K kernel code, 1309K rwdata, 3992K rodata, 1508K init, 1316K bss, 38088K reserved, 0K cma-reserved)
[    0.000000] SLUB: HWalign=64, Order=0-3, MinObjects=0, CPUs=1, Nodes=1
[    0.000000] Kernel/User page tables isolation: enabled
[    0.000000] Hierarchical RCU implementation.
[    0.000000] 	Build-time adjustment of leaf fanout to 64.
[    0.000000] 	RCU restricting CPUs from NR_CPUS=512 to nr_cpu_ids=1.
[    0.000000] RCU: Adjusting geometry for rcu_fanout_leaf=64, nr_cpu_ids=1
[    0.000000] NR_IRQS:33024 nr_irqs:256 16
[    0.000000] Console: colour VGA+ 80x25
[    0.000000] console [tty1] enabled
[    0.000000] console [ttyS0] enabled
[    0.000000] tsc: Detected 1895.635 MHz processor
[    4.404547] Calibrating delay loop (skipped) preset value.. 3791.27 BogoMIPS (lpj=7582540)
[    4.690146] pid_max: default: 32768 minimum: 301
[    4.858240] ACPI: Core revision 20150930
[    4.886792] ACPI: 2 ACPI AML tables successfully acquired and loaded
[    4.967930] Security Framework initialized
[    5.032076] Yama: becoming mindful.
[    5.077228] AppArmor: AppArmor initialized
[    5.143226] Dentry cache hash table entries: 65536 (order: 7, 524288 bytes)
[    5.285183] Inode-cache hash table entries: 32768 (order: 6, 262144 bytes)
[    5.381180] Mount-cache hash table entries: 1024 (order: 1, 8192 bytes)
[    5.435718] Mountpoint-cache hash table entries: 1024 (order: 1, 8192 bytes)
[    5.490008] Initializing cgroup subsys io
[    5.512007] Initializing cgroup subsys memory
[    5.532202] Initializing cgroup subsys devices
[    5.553010] Initializing cgroup subsys freezer
[    5.574184] Initializing cgroup subsys net_cls
[    5.600308] Initializing cgroup subsys perf_event
[    5.909603] Initializing cgroup subsys net_prio
[    6.267487] Initializing cgroup subsys hugetlb
[    6.322679] Initializing cgroup subsys pids
[    6.478168] CPU: Physical Processor ID: 0
[    6.530877] FEATURE SPEC_CTRL Not Present
[    6.590013] mce: CPU supports 0 MCE banks
[    6.604899] Last level iTLB entries: 4KB 1024, 2MB 1024, 4MB 1024
[    6.621556] Last level dTLB entries: 4KB 1024, 2MB 1024, 4MB 1024, 1GB 4
[    6.662072] Spectre V2 mitigation: Mitigation: Full generic retpoline
[    6.724496] Spectre V2 mitigation: Speculation control IBPB not-supported IBRS not-supported
[    7.002436] Freeing SMP alternatives memory: 32K
[    7.205610] ftrace: allocating 32186 entries in 126 pages
[    8.047630] smpboot: APIC(0) Converting physical 0 to logical package 0
[    8.081702] smpboot: Max logical packages: 1
[    8.110659] x2apic enabled
[    8.132423] Switched APIC routing to physical x2apic.
[    8.179980] ..TIMER: vector=0x30 apic1=0 pin1=2 apic2=-1 pin2=-1
[    8.230585] APIC calibration not consistent with PM-Timer: 203ms instead of 100ms
[    8.270682] APIC delta adjusted to PM-Timer: 6244661 (12726074)
[    8.299199] smpboot: CPU0: Intel(R) Core(TM) i3-4030U CPU @ 1.90GHz (family: 0x6, model: 0x45, stepping: 0x1)
[    8.348555] Performance Events: unsupported p6 CPU model 69 no PMU driver, software events only.
[    8.401015] KVM setup paravirtual spinlock
[    8.420681] x86: Booted up 1 node, 1 CPUs
[    8.439958] smpboot: Total of 1 processors activated (3791.27 BogoMIPS)
[    8.469232] devtmpfs: initialized
[    8.490422] evm: security.selinux
[    8.506955] evm: security.SMACK64
[    8.525428] evm: security.SMACK64EXEC
[    8.547142] evm: security.SMACK64TRANSMUTE
[    8.566747] evm: security.SMACK64MMAP
[    8.585421] evm: security.ima
[    8.600982] evm: security.capability
[    8.619137] clocksource: jiffies: mask: 0xffffffff max_cycles: 0xffffffff, max_idle_ns: 7645041785100000 ns
[    8.666539] futex hash table entries: 256 (order: 2, 16384 bytes)
[    8.692056] pinctrl core: initialized pinctrl subsystem
[    8.715982] RTC time: 11:18:38, date: 03/16/18
[    8.735761] NET: Registered protocol family 16
[    8.756812] cpuidle: using governor ladder
[    8.774327] cpuidle: using governor menu
[    8.799793] PCCT header not found.
[    8.823574] ACPI: bus type PCI registered
[    8.872667] acpiphp: ACPI Hot Plug PCI Controller Driver version: 0.5
[    9.167920] PCI: Using configuration type 1 for base access
[    9.267514] ACPI: Added _OSI(Module Device)
[    9.296680] ACPI: Added _OSI(Processor Device)
[    9.333858] ACPI: Added _OSI(3.0 _SCP Extensions)
[    9.357643] ACPI: Added _OSI(Processor Aggregator Device)
[    9.393044] ACPI: Executed 1 blocks of module-level executable AML code
[    9.492749] ACPI: Interpreter enabled
[    9.525471] ACPI: (supports S0 S5)
[    9.548964] ACPI: Using IOAPIC for interrupt routing
[    9.580897] PCI: Using host bridge windows from ACPI; if necessary, use "pci=nocrs" and report a bug
[    9.783342] ACPI: PCI Root Bridge [PCI0] (domain 0000 [bus 00-ff])
[    9.844329] acpi PNP0A03:00: _OSC: OS supports [ASPM ClockPM Segments MSI]
[    9.883083] acpi PNP0A03:00: _OSC: not requesting OS control; OS requires [ExtendedConfig ASPM ClockPM MSI]
[    9.928624] acpi PNP0A03:00: fail to add MMCONFIG information, can't access extended PCI configuration space under this bridge.
[    9.981062] PCI host bridge to bus 0000:00
[   10.001792] pci_bus 0000:00: root bus resource [io  0x0000-0x0cf7 window]
[   10.072800] pci_bus 0000:00: root bus resource [io  0x0d00-0xffff window]
[   10.156337] pci_bus 0000:00: root bus resource [mem 0x000a0000-0x000bffff window]
[   10.541396] pci_bus 0000:00: root bus resource [mem 0x20000000-0xffdfffff window]
[   10.580019] pci_bus 0000:00: root bus resource [bus 00-ff]
[   10.676819] pci 0000:00:01.1: legacy IDE quirk: reg 0x10: [io  0x01f0-0x01f7]
[   10.723560] pci 0000:00:01.1: legacy IDE quirk: reg 0x14: [io  0x03f6]
[   10.831832] pci 0000:00:01.1: legacy IDE quirk: reg 0x18: [io  0x0170-0x0177]
[   11.340117] pci 0000:00:01.1: legacy IDE quirk: reg 0x1c: [io  0x0376]
[   12.232971] pci 0000:00:07.0: quirk: [io  0x4000-0x403f] claimed by PIIX4 ACPI
[   12.566012] pci 0000:00:07.0: quirk: [io  0x4100-0x410f] claimed by PIIX4 SMB
[   13.224249] ACPI: PCI Interrupt Link [LNKA] (IRQs 5 9 10 *11)
[   13.552678] ACPI: PCI Interrupt Link [LNKB] (IRQs 5 9 10 *11)
[   13.938790] ACPI: PCI Interrupt Link [LNKC] (IRQs 5 9 *10 11)
[   13.981463] ACPI: PCI Interrupt Link [LNKD] (IRQs 5 *9 10 11)
[   14.025187] ACPI: Enabled 2 GPEs in block 00 to 07
[   14.164498] vgaarb: setting as boot device: PCI:0000:00:02.0
[   14.204815] vgaarb: device added: PCI:0000:00:02.0,decodes=io+mem,owns=io+mem,locks=none
[   14.268494] vgaarb: loaded
[   14.292612] vgaarb: bridge control possible 0000:00:02.0
[   14.324806] SCSI subsystem initialized
[   14.372134] ACPI: bus type USB registered
[   14.467246] usbcore: registered new interface driver usbfs
[   14.540330] usbcore: registered new interface driver hub
[   14.572641] usbcore: registered new device driver usb
[   14.650488] PCI: Using ACPI for IRQ routing
[   14.735809] NetLabel: Initializing
[   14.756415] NetLabel:  domain hash size = 128
[   14.822537] NetLabel:  protocols = UNLABELED CIPSOv4
[   15.053552] NetLabel:  unlabeled traffic allowed by default
[   15.087524] amd_nb: Cannot enumerate AMD northbridges
[   15.128924] clocksource: Switched to clocksource kvm-clock
[   15.191466] AppArmor: AppArmor Filesystem Enabled
[   15.219234] pnp: PnP ACPI init
[   15.282909] pnp: PnP ACPI: found 3 devices
[   15.321472] clocksource: acpi_pm: mask: 0xffffff max_cycles: 0xffffff, max_idle_ns: 2085701024 ns
[   15.363953] NET: Registered protocol family 2
[   15.390331] TCP established hash table entries: 4096 (order: 3, 32768 bytes)
[   15.421021] TCP bind hash table entries: 4096 (order: 4, 65536 bytes)
[   15.463450] TCP: Hash tables configured (established 4096 bind 4096)
[   15.505948] UDP hash table entries: 256 (order: 1, 8192 bytes)
[   15.548918] UDP-Lite hash table entries: 256 (order: 1, 8192 bytes)
[   15.597055] NET: Registered protocol family 1
[   15.904554] pci 0000:00:00.0: Limiting direct PCI/PCI transfers
[   15.945554] pci 0000:00:01.0: Activating ISA DMA hang workarounds
[   15.989463] Unpacking initramfs...
[   24.332573] Freeing initrd memory: 10844K
[   24.353680] RAPL PMU detected, API unit is 2^-32 Joules, 4 fixed counters 10737418240 ms ovfl timer
[   24.394627] hw unit of domain pp0-core 2^-0 Joules
[   24.417755] hw unit of domain package 2^-0 Joules
[   24.442116] hw unit of domain dram 2^-0 Joules
[   24.463196] hw unit of domain pp1-gpu 2^-0 Joules
[   24.486450] platform rtc_cmos: registered platform RTC device (no PNP device found)
[   24.529553] Scanning for low memory corruption every 60 seconds
[   24.557299] audit: initializing netlink subsys (disabled)
[   24.581662] audit: type=2000 audit(1521199138.012:1): initialized
[   24.615996] Initialise system trusted keyring
[   24.711979] HugeTLB registered 2 MB page size, pre-allocated 0 pages
[   24.815983] zbud: loaded
[   24.922822] VFS: Disk quotas dquot_6.6.0
[   25.242502] VFS: Dquot-cache hash table entries: 512 (order 0, 4096 bytes)
[   25.635609] squashfs: version 4.0 (2009/01/31) Phillip Lougher
[   25.663719] fuse init (API version 7.23)
[   25.683844] Key type big_key registered
[   25.703642] Allocating IMA MOK and blacklist keyrings.
[   25.730594] Key type asymmetric registered
[   25.753979] Asymmetric key parser 'x509' registered
[   25.782046] Block layer SCSI generic (bsg) driver version 0.4 loaded (major 249)
[   25.958822] io scheduler noop registered
[   26.033250] io scheduler deadline registered (default)
[   26.065466] io scheduler cfq registered
[   26.086793] pci_hotplug: PCI Hot Plug PCI Core version: 0.5
[   26.133475] pciehp: PCI Express Hot Plug Controller Driver version: 0.4
[   26.174326] ACPI: AC Adapter [AC] (on-line)
[   26.240295] input: Power Button as /devices/LNXSYSTM:00/LNXPWRBN:00/input/input0
[   26.331591] ACPI: Power Button [PWRF]
[   26.357099] input: Sleep Button as /devices/LNXSYSTM:00/LNXSLPBN:00/input/input1
[   26.409149] ACPI: Sleep Button [SLPF]
[   26.432711] GHES: HEST is not enabled!
[   26.462910] Serial: 8250/16550 driver, 32 ports, IRQ sharing enabled
[   26.609396] 00:02: ttyS0 at I/O 0x3f8 (irq = 4, base_baud = 115200) is a 16550A
[   26.657104] Linux agpgart interface v0.103
[   26.683346] loop: module loaded
[   26.705443] scsi host0: ata_piix
[   26.734089] scsi host1: ata_piix
[   26.753171] ata1: PATA max UDMA/33 cmd 0x1f0 ctl 0x3f6 bmdma 0xd000 irq 14
[   26.781932] ata2: PATA max UDMA/33 cmd 0x170 ctl 0x376 bmdma 0xd008 irq 15
[   26.817764] libphy: Fixed MDIO Bus: probed
[   26.845928] tun: Universal TUN/TAP device driver, 1.6
[   26.880271] tun: (C) 1999-2004 Max Krasnyansky <maxk@qualcomm.com>
[   26.910751] PPP generic driver version 2.4.2
[   26.941135] ehci_hcd: USB 2.0 'Enhanced' Host Controller (EHCI) Driver
[   26.976848] ehci-pci: EHCI PCI platform driver
[   27.000872] ehci-platform: EHCI generic platform driver
[   27.029494] ohci_hcd: USB 1.1 'Open' Host Controller (OHCI) Driver
[   27.062641] ohci-pci: OHCI PCI platform driver
[   27.083759] ohci-platform: OHCI generic platform driver
[   27.112602] uhci_hcd: USB Universal Host Controller Interface driver
[   27.148779] i8042: PNP: PS/2 Controller [PNP0303:PS2K,PNP0f03:PS2M] at 0x60,0x64 irq 1,12
[   27.204371] serio: i8042 KBD port at 0x60,0x64 irq 1
[   27.229833] serio: i8042 AUX port at 0x60,0x64 irq 12
[   27.252634] mousedev: PS/2 mouse device common for all mice
[   27.293917] input: AT Translated Set 2 keyboard as /devices/platform/i8042/serio0/input/input2
[   27.345388] rtc_cmos rtc_cmos: rtc core: registered rtc_cmos as rtc0
[   27.374823] rtc_cmos rtc_cmos: alarms up to one day, 114 bytes nvram
[   27.409016] i2c /dev entries driver
[   27.429862] device-mapper: uevent: version 1.0.3
[   27.454383] device-mapper: ioctl: 4.34.0-ioctl (2015-10-28) initialised: dm-devel@redhat.com
[   27.523471] ledtrig-cpu: registered to indicate activity on CPUs
[   27.551308] NET: Registered protocol family 10
[   27.579707] NET: Registered protocol family 17
[   27.627420] Key type dns_resolver registered
[   27.853208] microcode: CPU0 sig=0x40651, pf=0x40, revision=0x0
[   27.949466] microcode: Microcode Update Driver: v2.01 <tigran@aivazian.fsnet.co.uk>, Peter Oruba
[   28.017389] registered taskstats version 1
[   28.043570] Loading compiled-in X.509 certificates
[   28.078706] Loaded X.509 cert 'Build time autogenerated kernel key: aa84f01984fbd529c105810b59e379d349698248'
[   28.147108] zswap: loaded using pool lzo/zbud
[   28.216309] Key type trusted registered
[   28.294530] Key type encrypted registered
[   28.350194] AppArmor: AppArmor sha1 policy hashing enabled
[   28.435901] ima: No TPM chip found, activating TPM-bypass!
[   28.558589] evm: HMAC attrs: 0x1
[   28.592621]   Magic number: 10:619:327
[   28.662015] rtc_cmos rtc_cmos: setting system clock to 2018-03-16 11:18:58 UTC (1521199138)
[   28.728020] BIOS EDD facility v0.16 2004-Jun-25, 0 devices found
[   28.763937] EDD information not available.
[   28.811428] Freeing unused kernel memory: 1508K
[   28.843587] Write protecting the kernel read-only data: 14336k
[   28.882264] Freeing unused kernel memory: 1700K
[   28.908052] Freeing unused kernel memory: 104K
Loading, please wait...
starting version 229
[   29.000298] random: systemd-udevd: uninitialized urandom read (16 bytes read, 5 bits of entropy available)
[   29.052048] random: udevadm: uninitialized urandom read (16 bytes read, 5 bits of entropy available)
[   29.109801] random: systemd-udevd: uninitialized urandom read (16 bytes read, 5 bits of entropy available)
[   29.201089] random: udevadm: uninitialized urandom read (16 bytes read, 5 bits of entropy available)
[   29.282745] random: systemd-udevd: uninitialized urandom read (16 bytes read, 5 bits of entropy available)
[   29.368114] random: udevadm: uninitialized urandom read (16 bytes read, 5 bits of entropy available)
[   29.482866] random: systemd-udevd: uninitialized urandom read (16 bytes read, 5 bits of entropy available)
[   29.633181] random: udevadm: uninitialized urandom read (16 bytes read, 5 bits of entropy available)
[   29.982795] random: systemd-udevd: uninitialized urandom read (16 bytes read, 5 bits of entropy available)
[   30.376432] random: udevadm: uninitialized urandom read (16 bytes read, 5 bits of entropy available)
[   30.882029] Fusion MPT base driver 3.04.20
[   30.972815] Copyright (c) 1999-2008 LSI Corporation
[   31.061085] e1000: Intel(R) PRO/1000 Network Driver - version 7.3.21-k8-NAPI
[   31.246356] e1000: Copyright (c) 1999-2006 Intel Corporation.
[   31.532199] AVX version of gcm_enc/dec engaged.
[   31.693427] AES CTR mode by8 optimization enabled
[   31.808815] input: ImExPS/2 Generic Explorer Mouse as /devices/platform/i8042/serio1/input/input4
[   32.104865] Fusion MPT SPI Host driver 3.04.20
[   34.445168] floppy0: no floppy controllers found
[   34.679956] e1000 0000:00:03.0 eth0: (PCI:33MHz:32-bit) 02:b2:c2:84:5d:d0
[   34.716757] e1000 0000:00:03.0 eth0: Intel(R) PRO/1000 Network Connection
[   34.765212] mptbase: ioc0: Initiating bringup
[   34.906082] ioc0: LSI53C1030 A0: Capabilities={Initiator}
[   35.254305] scsi host2: ioc0: LSI53C1030 A0, FwRev=00000000h, Ports=1, MaxQ=256, IRQ=20
[   35.445700] scsi 2:0:0:0: Direct-Access     VBOX     HARDDISK         1.0  PQ: 0 ANSI: 5
[   35.600420] scsi target2:0:0: Beginning Domain Validation
[   35.676284] scsi target2:0:0: Domain Validation skipping write tests
[   35.723823] scsi target2:0:0: Ending Domain Validation
[   35.825820] scsi target2:0:0: asynchronous
[   37.080758] scsi 2:0:1:0: Direct-Access     VBOX     HARDDISK         1.0  PQ: 0 ANSI: 5
[   37.639915] scsi target2:0:1: Beginning Domain Validation
[   38.703207] scsi target2:0:1: Domain Validation skipping write tests
[   38.736786] scsi target2:0:1: Ending Domain Validation
[   38.828172] scsi target2:0:1: asynchronous
[   39.219269] sd 2:0:0:0: [sda] 20971520 512-byte logical blocks: (10.7 GB/10.0 GiB)
[   39.261350] sd 2:0:0:0: Attached scsi generic sg0 type 0
[   39.312308] sd 2:0:1:0: [sdb] 20480 512-byte logical blocks: (10.5 MB/10.0 MiB)
[   39.346215] sd 2:0:1:0: Attached scsi generic sg1 type 0
[   39.396145] sd 2:0:0:0: [sda] Write Protect is off
[   39.455150] sd 2:0:1:0: [sdb] Write Protect is off
[   39.477846] sd 2:0:0:0: [sda] Incomplete mode parameter data
[   39.502854] sd 2:0:0:0: [sda] Assuming drive cache: write through
[   39.530257] sd 2:0:1:0: [sdb] Incomplete mode parameter data
[   39.558050] sd 2:0:1:0: [sdb] Assuming drive cache: write through
[   39.687502]  sda: sda1
[   39.711809] sd 2:0:0:0: [sda] Attached SCSI disk
[   39.771923] sd 2:0:1:0: [sdb] Attached SCSI disk
[   40.079772] e1000 0000:00:08.0 eth1: (PCI:33MHz:32-bit) 08:00:27:ba:59:70
[   40.111296] e1000 0000:00:08.0 eth1: Intel(R) PRO/1000 Network Connection
[   40.178980] e1000 0000:00:03.0 enp0s3: renamed from eth0
[   40.286637] e1000 0000:00:08.0 enp0s8: renamed from eth1
Begin: Loading e[   48.929477] md: linear personality registered for level -1
ssential drivers[   49.191395] md: multipath personality registered for level -4
 ... [   49.292951] md: raid0 personality registered for level 0
[   49.332381] md: raid1 personality registered for level 1
[   49.438518] raid6: sse2x1   gen()  2430 MB/s
[   49.527383] raid6: sse2x1   xor()  1870 MB/s
[   49.618394] raid6: sse2x2   gen()  2943 MB/s
[   49.728397] raid6: sse2x2   xor()  2781 MB/s
[   49.828224] raid6: sse2x4   gen()  4483 MB/s
[   49.915463] raid6: sse2x4   xor()  2890 MB/s
[   49.936571] raid6: using algorithm sse2x4 gen() 4483 MB/s
[   49.961581] raid6: .... xor() 2890 MB/s, rmw enabled
[   49.982196] raid6: using ssse3x2 recovery algorithm
[   50.009904] xor: automatically using best checksumming function:
[   50.098141]    avx       : 17068.000 MB/sec
[   50.121035] async_tx: api initialized (async)
[   50.185509] md: raid6 personality registered for level 6
[   50.209633] md: raid5 personality registered for level 5
[   50.236143] md: raid4 personality registered for level 4
[   50.313106] md: raid10 personality registered for level 10
done.
Begin: Running /scripts/init-premount ... done.
Begin: Mounting root file system ... Begin: Running /scripts/local-top ... done.
Begin: Running /scripts/local-premount ... [   50.677043] Btrfs loaded
Scanning for Btrfs filesystems
done.
Warning: fsck not present, so skipping root file system
[   51.098682] EXT4-fs (sda1): mounted filesystem with ordered data mode. Opts: (null)
done.
Begin: Running /scripts/local-bottom ... done.
Begin: Running /scripts/init-bottom ... done.
[   51.669887] random: nonblocking pool is initialized
[   52.577815] systemd[1]: systemd 229 running in system mode. (+PAM +AUDIT +SELINUX +IMA +APPARMOR +SMACK +SYSVINIT +UTMP +LIBCRYPTSETUP +GCRYPT +GNUTLS +ACL +XZ -LZ4 +SECCOMP +BLKID +ELFUTILS +KMOD -IDN)
[   53.087103] systemd[1]: Detected virtualization oracle.
[   53.186706] systemd[1]: Detected architecture x86-64.

Welcome to [1mUbuntu 16.04.4 LTS[0m!

[   53.456949] systemd[1]: Set hostname to <ubuntu-xenial>.
[   55.617406] systemd[1]: Set up automount Arbitrary Executable File Formats File System Automount Point.
[[0;32m  OK  [0m] Set up automount Arbitrary Executab...ats File System Automount Point.
[   56.105553] systemd[1]: Reached target Swap.
[[0;32m  OK  [0m] Reached target Swap.
[   56.356780] systemd[1]: Reached target User and Group Name Lookups.
[[0;32m  OK  [0m] Reached target User and Group Name Lookups.
[   56.632764] systemd[1]: Listening on /dev/initctl Compatibility Named Pipe.
[[0;32m  OK  [0m] Listening on /dev/initctl Compatibility Named Pipe.
[   56.871544] systemd[1]: Listening on Syslog Socket.
[[0;32m  OK  [0m] Listening on Syslog Socket.
[   56.921258] systemd[1]: Created slice User and Session Slice.
[[0;32m  OK  [0m] Created slice User and Session Slice.
[   56.984226] systemd[1]: Listening on Journal Socket (/dev/log).
[[0;32m  OK  [0m] Listening on Journal Socket (/dev/log).
[   57.037321] systemd[1]: Listening on udev Control Socket.
[[0;32m  OK  [0m] Listening on udev Control Socket.
[   57.087117] systemd[1]: Listening on udev Kernel Socket.
[[0;32m  OK  [0m] Listening on udev Kernel Socket.
[   57.137326] systemd[1]: Started Forward Password Requests to Wall Directory Watch.
[[0;32m  OK  [0m] Started Forward Password Requests to Wall Directory Watch.
[   57.205204] systemd[1]: Listening on LVM2 metadata daemon socket.
[[0;32m  OK  [0m] Listening on LVM2 metadata daemon socket.
[   57.260158] systemd[1]: Listening on LVM2 poll daemon socket.
[[0;32m  OK  [0m] Listening on LVM2 poll daemon socket.
[   57.331290] systemd[1]: Listening on Journal Audit Socket.
[[0;32m  OK  [0m] Listening on Journal Audit Socket.
[   57.387887] systemd[1]: Listening on Device-mapper event daemon FIFOs.
[[0;32m  OK  [0m] Listening on Device-mapper event daemon FIFOs.
[   58.103004] systemd[1]: Created slice System Slice.
[[0;32m  OK  [0m] Created slice System Slice.
[   58.164445] systemd[1]: Reached target Slices.
[[0;32m  OK  [0m] Reached target Slices.
[   58.221804] systemd[1]: Created slice system-serial\x2dgetty.slice.
[[0;32m  OK  [0m] Created slice system-serial\x2dgetty.slice.
[   58.304741] systemd[1]: Listening on Journal Socket.
[[0;32m  OK  [0m] Listening on Journal Socket.
[   58.364717] systemd[1]: Starting Set console keymap...
         Starting Set console keymap...
[   58.445401] systemd[1]: Starting Uncomplicated firewall...
         Starting Uncomplicated firewall...
[   58.521994] systemd[1]: Starting Nameserver information manager...
         Starting Nameserver information manager...
[   58.653784] systemd[1]: Starting Load Kernel Modules...
         Starting Load Kernel Modules...
[   58.750242] systemd[1]: Mounting Huge Pages File System...
         Mounting Huge Pages File System...
[   58.849138] systemd[1]: Starting Remount Root and Kernel File Systems...
         [   58.990162] Loading iSCSI transport class v2.0-870.
Starting Remount Root and Kernel File Systems...
[   59.242601] systemd[1]: Mounting POSIX Message Queue File System...
[   59.427859] EXT4-fs (sda1): re-mounted. Opts: (null)
         Mounting POSIX Message Queue File System...
[   59.985239] systemd[1]: Starting Journal Service...
         Starting Journal Service...
[   60.235002] systemd[1]: Starting Create list of required static device nodes for the current kernel...
[   60.349723] iscsi: registered transport (tcp)
         Starting Create list of required st... nodes for the current kernel...
[   60.704398] systemd[1]: Starting Monitoring of LVM2 mirrors, snapshots etc. using dmeventd or progress polling...
         Starting Monitoring of LVM2 mirrors... dmeventd or progress polling...
[   61.049815] systemd[1]: Reached target Encrypted Volumes.
[[0;32m  OK  [0m] Reached target Encrypted Volumes.
[   61.198649] iscsi: registered transport (iser)
[   61.231679] systemd[1]: Started Trigger resolvconf update for networkd DNS.
[[0;32m  OK  [0m] Started Trigger resolvconf update for networkd DNS.
[   61.299745] systemd[1]: Mounting Debug File System...
         Mounting Debug File System...
[   61.416796] systemd[1]: Mounted Debug File System.
[[0;32m  OK  [0m] Mounted Debug File System.
[   61.507015] systemd[1]: Mounted POSIX Message Queue File System.
[[0;32m  OK  [0m] Mounted POSIX Message Queue File System.
[   61.618142] systemd[1]: Mounted Huge Pages File System.
[[0;32m  OK  [0m] Mounted Huge Pages File System.
[   61.683048] systemd[1]: Started Journal Service.
[[0;32m  OK  [0m] Started Journal Service.
[[0;32m  OK  [0m] Started Set console keymap.
[[0;32m  OK  [0m] Started Uncomplicated firewall.
[[0;32m  OK  [0m] Started Load Kernel Modules.
[[0;32m  OK  [0m] Started Remount Root and Kernel File Systems.
[[0;32m  OK  [0m] Started Create list of required sta...ce nodes for the current kernel.
[[0;32m  OK  [0m] Started Nameserver information manager.
[[0;32m  OK  [0m] Started LVM2 metadata daemon.
         Starting Create Static Device Nodes in /dev...
         Starting udev Coldplug all Devices...
         Starting Initial cloud-init job (pre-networking)...
         Starting Load/Save Random Seed...
         Starting Apply Kernel Variables...
         Mounting FUSE Control File System...
         Starting Flush Journal to Persistent Storage...
[[0;32m  OK  [0m] Mounted FUSE Control File System.
[[0;32m  OK  [0m] Started Monitoring of LVM2 mirrors,...ng dmeventd or progress polling.
[[0;32m  OK  [0m] Started Create Static Device Nodes in /dev.
[[0;32m  OK  [0m] Started Load/Save Random Seed.
[[0;32m  OK  [0m] Started Apply Kernel Variables.
[[0;32m  OK  [0m] Started udev Coldplug all Devices.
         Starting udev Kernel Device Manager...
[[0;32m  OK  [0m] Started Flush Journal to Persistent Storage.
[[0;32m  OK  [0m] Started udev Kernel Device Manager.
[[0;32m  OK  [0m] Started Dispatch Password Requests to Console Directory Watch.
[[0;32m  OK  [0m] Reached target Local File Systems (Pre).
[[0;32m  OK  [0m] Reached target Local File Systems.
         Starting Create Volatile Files and Directories...
         Starting Set console font and keymap...
         Starting Tell Plymouth To Write Out Runtime Data...
         Starting LSB: AppArmor initialization...
[[0;32m  OK  [0m] Started Tell Plymouth To Write Out Runtime Data.
[[0;32m  OK  [0m] Started Create Volatile Files and Directories.
[[0;32m  OK  [0m] Reached target System Time Synchronized.
         Starting Update UTMP about System Boot/Shutdown...
[[0;32m  OK  [0m] Started Update UTMP about System Boot/Shutdown.
[[0;32m  OK  [0m] Started LSB: AppArmor initialization.
[[0;32m  OK  [0m] Found device /dev/ttyS0.
[   63.627652] [[0;32m  OK  [0m] Listening on Load/Save RF Kill Switch Status /dev/rfkill Watch.
cloud-init[451]: Cloud-init v. 17.2 running 'init-local' at Fri, 16 Mar 2018 11:19:43 +0000. Up 60.81 seconds.
[[0;32m  OK  [0m] Started Initial cloud-init job (pre-networking).
[[0;32m  OK  [0m] Found device 82540EM Gigabit Ethern...r (PRO/1000 MT Desktop Adapter).
[[0;32m  OK  [0m] Found device 82540EM Gigabit Ethern...r (PRO/1000 MT Desktop Adapter).
[[0;32m  OK  [0m] Reached target Network (Pre).
[[0;32m  OK  [0m] Started ifup for enp0s3.
         Starting Raise network interfaces...
[[0;32m  OK  [0m] Started ifup for enp0s8.
[[0;32m  OK  [0m] Started Set console font and keymap.
[[0;32m  OK  [0m] Created slice system-getty.slice.
[[0;32m  OK  [0m] Started Raise network interfaces.
[[0;32m  OK  [0m] Reached target Network.
         Starting Initial cloud-init job (metadata service crawler)...
[   85.726342] cloud-init[1079]: Cloud-init v. 17.2 running 'init' at Fri, 16 Mar 2018 11:20:05 +0000. Up 83.14 seconds.
[   85.785719] cloud-init[1079]: ci-info: ++++++++++++++++++++++++++++++++++++++Net device info++++++++++++++++++++++++++++++++++++++
[   85.855764] cloud-init[1079]: ci-info: +--------+------+-----------------------------+---------------+-------+-------------------+
[   85.962659] cloud-init[1079]: ci-info: | Device |  Up  |           Address           |      Mask     | Scope |     Hw-Address    |
[[0;32m  OK  [0m[   86.057927] cloud-init] Started Initial cloud-init job (metadata service crawler).[1079]: 
ci-info: +--------+------+-----------------------------+---------------+-------+-------------------+[[0;32m  OK  [0m] 
[   86.160622] cloud-init[1079]: ci-info: | enp0s3 | True |          10.0.2.15          | 255.255.255.0 |   .   | 02:b2:c2:84:5d:d0 |
[   86.160770] cloud-init[1079]: ci-info: | enp0s3 | True |  fe80::b2:c2ff:fe84:5dd0/64 |       .       |  link | 02:b2:c2:84:5d:d0 |
[   86.161143] cloud-init[1079]: ci-info: | enp0s8 | True |         192.168.0.4         | 255.255.255.0 |   .   | 08:00:27:ba:59:70 |
[   86.161267] cloud-init[1079]: ci-info: | enp0s8 | True | fe80::a00:27ff:feba:5970/64 |       .       |  link | 08:00:27:ba:59:70 |
[   86.161568] cloud-init[1079]: ci-info: |   lo   | True |          127.0.0.1          |   255.0.0.0   |   .   |         .         |
[   86.161687] cloud-init[1079]: ci-info: |   lo   | True |           ::1/128           |       .       |  host |         .         |
[   86.161879] cloud-init[1079]: ci-info: +--------+------+-----------------------------+---------------+-------+-------------------+
[   86.162000] cloud-init[1079]: ci-info: +++++++++++++++++++++++++++Route IPv4 info++++++++++++++++++++++++++++
[   86.162115] cloud-init[1079]: ci-info: +-------+-------------+----------+---------------+-----------+-------+
[   86.162227] cloud-init[1079]: ci-info: | Route | Destination | Gateway  |    Genmask    | Interface | Flags |
[   86.162391] cloud-init[1079]: ci-info: +-------+-------------+----------+---------------+-----------+-------+
[   86.162509] cloud-init[1079]: ci-info: |   0   |   0.0.0.0   | 10.0.2.2 |    0.0.0.0    |   enp0s3  |   UG  |
[   86.162621] cloud-init[1079]: ci-info: |   1   |   10.0.2.0  | 0.0.0.0  | 255.255.255.0 |   enp0s3  |   U   |
[   86.162732] cloud-init[1079]: ci-info: |   2   | 192.168.0.0 | 0.0.0.0  | 255.255.255.0 |   enp0s8  |   U   |
[   86.163036] cloud-init[1079]: ci-info: +-------+-------------+----------+---------------+-----------+-------+
Reached target Cloud-config availability.
[[0;32m  OK  [0m] Reached target Network is Online.
         Starting iSCSI initiator daemon (iscsid)...
[[0;32m  OK  [0m] Reached target System Initialization.
[[0;32m  OK  [0m] Started Daily Cleanup of Temporary Directories.
[[0;32m  OK  [0m] Listening on D-Bus System Message Bus Socket.
[[0;32m  OK  [0m] Started Clean PHP session files every 30 mins.
[[0;32m  OK  [0m] Listening on UUID daemon activation socket.
[[0;32m  OK  [0m] Started Timer to automatically refresh installed snaps.
         Starting Socket activation for snappy daemon.
[[0;32m  OK  [0m] Started Daily apt download activities.
[[0;32m  OK  [0m] Started Daily apt upgrade and clean activities.
[[0;32m  OK  [0m] Reached target Timers.
         Starting LXD - unix socket.
[[0;32m  OK  [0m] Started ACPI Events Check.
[[0;32m  OK  [0m] Reached target Paths.
[[0;32m  OK  [0m] Listening on ACPID Listen Socket.
[[0;32m  OK  [0m] Listening on Socket activation for snappy daemon.
[[0;32m  OK  [0m] Listening on LXD - unix socket.
[[0;32m  OK  [0m] Started iSCSI initiator daemon (iscsid).
         Starting Login to default iSCSI targets...
[[0;32m  OK  [0m] Reached target Sockets.
[[0;32m  OK  [0m] Reached target Basic System.
         Starting LXD - container startup/shutdown...
         Starting Login Service...
         Starting System Logging Service...
         Starting A high performance web server and a reverse proxy server...
         Starting Accounts Service...
         Starting OpenBSD Secure Shell server...
[[0;32m  OK  [0m] Started Unattended Upgrades Shutdown.
[[0;32m  OK  [0m] Started Regular background program processing daemon.
[[0;32m  OK  [0m] Started D-Bus System Message Bus.
         Starting The PHP 7.2 FastCGI Process Manager...
[[0;32m  OK  [0m] Started Deferred execution scheduler.
         Starting Snappy daemon...
[[0;32m  OK  [0m] Started ACPI event daemon.
         Starting LSB: Record successful boot for GRUB...
         Starting Apply the settings specified in cloud-config...
         Starting LSB: MD monitoring daemon...
         Starting /etc/rc.local Compatibility...
[[0;32m  OK  [0m] Started FUSE filesystem for LXC.
[[0;32m  OK  [0m] Started System Logging Service.
[[0;32m  OK  [0m] Started OpenBSD Secure Shell server.
[[0;32m  OK  [0m] Started /etc/rc.local Compatibility.
[[0;32m  OK  [0m] Started Login to default iSCSI targets.
[[0;32m  OK  [0m] Started Login Service.
         Starting Authenticate and Authorize Users to Run Privileged Tasks...
[[0;32m  OK  [0m] Reached target Remote File Systems (Pre).
[[0;32m  OK  [0m] Reached target Remote File Systems.
         Starting LSB: daemon to balance interrupts for SMP systems...
         Starting Permit User Sessions...
         Starting LSB: VirtualBox Linux Additions...
         Starting LSB: Set the CPU Frequency Scaling governor to "ondemand"...
         Starting LSB: automatic crash report generation...
[[0;32m  OK  [0m] Started LSB: Record successful boot for GRUB.
[[0;32m  OK  [0m] Started LSB: MD monitoring daemon.
[[0;32m  OK  [0m] Started LXD - container startup/shutdown.
[[0;32m  OK  [0m] Started Permit User Sessions.
[[0;32m  OK  [0m] Started Authenticate and Authorize Users to Run Privileged Tasks.
[[0;32m  OK  [0m] Started Accounts Service.
[[0;32m  OK  [0m] Started A high performance web server and a reverse proxy server.
         Starting Hold until boot process finishes up...
         Starting Terminate Plymouth Boot Screen...
[[0;32m  OK  [0m] Started LSB: Set the CPU Frequency Scaling governor to "ondemand".
[[0;32m  OK  [0m] Started Hold until boot process finishes up.
[[0;32m  OK  [0m] Started LSB: automatic crash report generation.
[[0;32m  OK  [0m] Started Terminate Plymouth Boot Screen.
[[0;32m  OK  [0m] Started LSB: daemon to balance interrupts for SMP systems.
[[0;32m  OK  [0m] Created slice User Slice of vagrant.
         Starting User Manager for UID 1000...
[[0;32m  OK  [0m] Started Session 1 of user vagrant.
[[0;32m  OK  [0m] Started Serial Getty on ttyS0.
         Starting Set console scheme...
[[0;32m  OK  [0m] Started Getty on tty1.
[[0;32m  OK  [0m] Reached target Login Prompts.
[[0;32m  OK  [0m] Started Snappy daemon.
[[0;32m  OK  [0m] Started User Manager for UID 1000.
[[0;32m  OK  [0m] Started Set console scheme.
[[0;32m  OK  [0m] Started LSB: VirtualBox Linux Additions.
[[0;32m  OK  [0m] Started The PHP 7.2 FastCGI Process Manager.
[[0;32m  OK  [0m] Reached target Multi-User System.
[[0;32m  OK  [0m] Reached target Graphical Interface.
         Starting Update UTMP about System Runlevel Changes...
[[0;32m  OK  [0m] Started Update UTMP about System Runlevel Changes.
[   98.622199] cloud-init[1191]: Cloud-init v. 17.2 running 'modules:config' at Fri, 16 Mar 2018 11:20:19 +0000. Up 96.54 seconds.
[[0;32m  OK  [0m] Started Apply the settings specified in cloud-config.
         Starting Execute cloud user/final scripts...
[  101.024141] cloud-init[1396]: Cloud-init v. 17.2 running 'modules:final' at Fri, 16 Mar 2018 11:20:23 +0000. Up 100.57 seconds.
[  101.278134] cloud-init[1396]: Cloud-init v. 17.2 finished at Fri, 16 Mar 2018 11:20:23 +0000. Datasource DataSourceNoCloud [seed=/dev/sdb][dsmode=net].  Up 101.00 seconds
[[0;32m  OK  [0m] Started Execute cloud user/final scripts.

Ubuntu 16.04.4 LTS ubuntu-xenial ttyS0

ubuntu-xenial login: 