[    0.000000] Initializing cgroup subsys cpuset
[    0.000000] Initializing cgroup subsys cpu
[    0.000000] Initializing cgroup subsys cpuacct
[    0.000000] Linux version 4.4.0-116-generic (buildd@lgw01-amd64-021) (gcc version 5.4.0 20160609 (Ubuntu 5.4.0-6ubuntu1~16.04.9) ) #140-Ubuntu SMP Mon Feb 12 21:23:04 UTC 2018 (Ubuntu 4.4.0-116.140-generic 4.4.98)
[    0.000000] Command line: BOOT_IMAGE=/boot/vmlinuz-4.4.0-116-generic root=LABEL=cloudimg-rootfs ro console=tty1 console=ttyS0
[    0.000000] KERNEL supported cpus:
[    0.000000]   Intel GenuineIntel
[    0.000000]   AMD AuthenticAMD
[    0.000000]   Centaur CentaurHauls
[    0.000000] x86/fpu: xstate_offset[2]:  576, xstate_sizes[2]:  256
[    0.000000] x86/fpu: Supporting XSAVE feature 0x01: 'x87 floating point registers'
[    0.000000] x86/fpu: Supporting XSAVE feature 0x02: 'SSE registers'
[    0.000000] x86/fpu: Supporting XSAVE feature 0x04: 'AVX registers'
[    0.000000] x86/fpu: Enabled xstate features 0x7, context size is 832 bytes, using 'standard' format.
[    0.000000] x86/fpu: Using 'lazy' FPU context switches.
[    0.000000] e820: BIOS-provided physical RAM map:
[    0.000000] BIOS-e820: [mem 0x0000000000000000-0x000000000009fbff] usable
[    0.000000] BIOS-e820: [mem 0x000000000009fc00-0x000000000009ffff] reserved
[    0.000000] BIOS-e820: [mem 0x00000000000f0000-0x00000000000fffff] reserved
[    0.000000] BIOS-e820: [mem 0x0000000000100000-0x000000001ffeffff] usable
[    0.000000] BIOS-e820: [mem 0x000000001fff0000-0x000000001fffffff] ACPI data
[    0.000000] BIOS-e820: [mem 0x00000000fec00000-0x00000000fec00fff] reserved
[    0.000000] BIOS-e820: [mem 0x00000000fee00000-0x00000000fee00fff] reserved
[    0.000000] BIOS-e820: [mem 0x00000000fffc0000-0x00000000ffffffff] reserved
[    0.000000] NX (Execute Disable) protection: active
[    0.000000] SMBIOS 2.5 present.
[    0.000000] Hypervisor detected: KVM
[    0.000000] e820: last_pfn = 0x1fff0 max_arch_pfn = 0x400000000
[    0.000000] MTRR: Disabled
[    0.000000] x86/PAT: MTRRs disabled, skipping PAT initialization too.
[    0.000000] CPU MTRRs all blank - virtualized system.
[    0.000000] x86/PAT: Configuration [0-7]: WB  WT  UC- UC  WB  WT  UC- UC  
[    0.000000] found SMP MP-table at [mem 0x0009fff0-0x0009ffff] mapped at [ffff88000009fff0]
[    0.000000] Scanning 1 areas for low memory corruption
[    0.000000] RAMDISK: [mem 0x1ecaa000-0x1f740fff]
[    0.000000] ACPI: Early table checksum verification disabled
[    0.000000] ACPI: RSDP 0x00000000000E0000 000024 (v02 VBOX  )
[    0.000000] ACPI: XSDT 0x000000001FFF0030 00003C (v01 VBOX   VBOXXSDT 00000001 ASL  00000061)
[    0.000000] ACPI: FACP 0x000000001FFF00F0 0000F4 (v04 VBOX   VBOXFACP 00000001 ASL  00000061)
[    0.000000] ACPI: DSDT 0x000000001FFF0470 0021FF (v02 VBOX   VBOXBIOS 00000002 INTL 20170728)
[    0.000000] ACPI: FACS 0x000000001FFF0200 000040
[    0.000000] ACPI: FACS 0x000000001FFF0200 000040
[    0.000000] ACPI: APIC 0x000000001FFF0240 000054 (v02 VBOX   VBOXAPIC 00000001 ASL  00000061)
[    0.000000] ACPI: SSDT 0x000000001FFF02A0 0001CC (v01 VBOX   VBOXCPUT 00000002 INTL 20170728)
[    0.000000] No NUMA configuration found
[    0.000000] Faking a node at [mem 0x0000000000000000-0x000000001ffeffff]
[    0.000000] NODE_DATA(0) allocated [mem 0x1ffeb000-0x1ffeffff]
[    0.000000] kvm-clock: Using msrs 4b564d01 and 4b564d00
[    0.000000] kvm-clock: cpu 0, msr 0:1ffe3001, primary cpu clock
[    0.000000] kvm-clock: using sched offset of 16763394361 cycles
[    0.000000] clocksource: kvm-clock: mask: 0xffffffffffffffff max_cycles: 0x1cd42e4dffb, max_idle_ns: 881590591483 ns
[    0.000000] Zone ranges:
[    0.000000]   DMA      [mem 0x0000000000001000-0x0000000000ffffff]
[    0.000000]   DMA32    [mem 0x0000000001000000-0x000000001ffeffff]
[    0.000000]   Normal   empty
[    0.000000]   Device   empty
[    0.000000] Movable zone start for each node
[    0.000000] Early memory node ranges
[    0.000000]   node   0: [mem 0x0000000000001000-0x000000000009efff]
[    0.000000]   node   0: [mem 0x0000000000100000-0x000000001ffeffff]
[    0.000000] Initmem setup node 0 [mem 0x0000000000001000-0x000000001ffeffff]
[    0.000000] ACPI: PM-Timer IO Port: 0x4008
[    0.000000] IOAPIC[0]: apic_id 1, version 32, address 0xfec00000, GSI 0-23
[    0.000000] ACPI: INT_SRC_OVR (bus 0 bus_irq 0 global_irq 2 dfl dfl)
[    0.000000] ACPI: INT_SRC_OVR (bus 0 bus_irq 9 global_irq 9 high level)
[    0.000000] Using ACPI (MADT) for SMP configuration information
[    0.000000] smpboot: Allowing 1 CPUs, 0 hotplug CPUs
[    0.000000] PM: Registered nosave memory: [mem 0x00000000-0x00000fff]
[    0.000000] PM: Registered nosave memory: [mem 0x0009f000-0x0009ffff]
[    0.000000] PM: Registered nosave memory: [mem 0x000a0000-0x000effff]
[    0.000000] PM: Registered nosave memory: [mem 0x000f0000-0x000fffff]
[    0.000000] e820: [mem 0x20000000-0xfebfffff] available for PCI devices
[    0.000000] Booting paravirtualized kernel on KVM
[    0.000000] clocksource: refined-jiffies: mask: 0xffffffff max_cycles: 0xffffffff, max_idle_ns: 7645519600211568 ns
[    0.000000] setup_percpu: NR_CPUS:512 nr_cpumask_bits:512 nr_cpu_ids:1 nr_node_ids:1
[    0.000000] PERCPU: Embedded 34 pages/cpu @ffff88001fc00000 s99544 r8192 d31528 u2097152
[    0.000000] PV qspinlock hash table entries: 256 (order: 0, 4096 bytes)
[    0.000000] Built 1 zonelists in Node order, mobility grouping on.  Total pages: 128889
[    0.000000] Policy zone: DMA32
[    0.000000] Kernel command line: BOOT_IMAGE=/boot/vmlinuz-4.4.0-116-generic root=LABEL=cloudimg-rootfs ro console=tty1 console=ttyS0
[    0.000000] PID hash table entries: 2048 (order: 2, 16384 bytes)
[    0.000000] Memory: 485744K/523832K available (8530K kernel code, 1309K rwdata, 3992K rodata, 1508K init, 1316K bss, 38088K reserved, 0K cma-reserved)
[    0.000000] SLUB: HWalign=64, Order=0-3, MinObjects=0, CPUs=1, Nodes=1
[    0.000000] Kernel/User page tables isolation: enabled
[    0.000000] Hierarchical RCU implementation.
[    0.000000] 	Build-time adjustment of leaf fanout to 64.
[    0.000000] 	RCU restricting CPUs from NR_CPUS=512 to nr_cpu_ids=1.
[    0.000000] RCU: Adjusting geometry for rcu_fanout_leaf=64, nr_cpu_ids=1
[    0.000000] NR_IRQS:33024 nr_irqs:256 16
[    0.000000] Console: colour VGA+ 80x25
[    0.000000] console [tty1] enabled
[    0.000000] console [ttyS0] enabled
[    0.000000] tsc: Detected 1895.635 MHz processor
[    6.325416] Calibrating delay loop (skipped) preset value.. 3791.27 BogoMIPS (lpj=7582540)
[    6.588752] pid_max: default: 32768 minimum: 301
[    6.719162] ACPI: Core revision 20150930
[    6.760506] ACPI: 2 ACPI AML tables successfully acquired and loaded
[    6.940378] Security Framework initialized
[    6.979827] Yama: becoming mindful.
[    7.003410] AppArmor: AppArmor initialized
[    7.038192] Dentry cache hash table entries: 65536 (order: 7, 524288 bytes)
[    7.092603] Inode-cache hash table entries: 32768 (order: 6, 262144 bytes)
[    7.167423] Mount-cache hash table entries: 1024 (order: 1, 8192 bytes)
[    7.195438] Mountpoint-cache hash table entries: 1024 (order: 1, 8192 bytes)
[    7.226314] Initializing cgroup subsys io
[    7.272490] Initializing cgroup subsys memory
[    7.376518] Initializing cgroup subsys devices
[    7.433453] Initializing cgroup subsys freezer
[    7.546071] Initializing cgroup subsys net_cls
[    7.620943] Initializing cgroup subsys perf_event
[    7.641503] Initializing cgroup subsys net_prio
[    7.684225] Initializing cgroup subsys hugetlb
[    7.752235] Initializing cgroup subsys pids
[    7.794211] CPU: Physical Processor ID: 0
[    7.853865] FEATURE SPEC_CTRL Not Present
[    7.925941] mce: CPU supports 0 MCE banks
[    7.991000] Last level iTLB entries: 4KB 1024, 2MB 1024, 4MB 1024
[    8.055653] Last level dTLB entries: 4KB 1024, 2MB 1024, 4MB 1024, 1GB 4
[    8.141682] Spectre V2 mitigation: Mitigation: Full generic retpoline
[    8.216119] Spectre V2 mitigation: Speculation control IBPB not-supported IBRS not-supported
[    8.734121] Freeing SMP alternatives memory: 32K
[    9.085130] ftrace: allocating 32186 entries in 126 pages
[    9.923425] smpboot: APIC(0) Converting physical 0 to logical package 0
[    9.950066] smpboot: Max logical packages: 1
[    9.974641] x2apic enabled
[    9.994559] Switched APIC routing to physical x2apic.
[   10.074653] ..TIMER: vector=0x30 apic1=0 pin1=2 apic2=-1 pin2=-1
[   10.187769] APIC calibration not consistent with PM-Timer: 204ms instead of 100ms
[   10.272777] APIC delta adjusted to PM-Timer: 6249388 (12750233)
[   10.407013] smpboot: CPU0: Intel(R) Core(TM) i3-4030U CPU @ 1.90GHz (family: 0x6, model: 0x45, stepping: 0x1)
[   10.698266] Performance Events: unsupported p6 CPU model 69 no PMU driver, software events only.
[   10.797080] KVM setup paravirtual spinlock
[   10.847134] x86: Booted up 1 node, 1 CPUs
[   10.868439] smpboot: Total of 1 processors activated (3791.27 BogoMIPS)
[   10.911734] devtmpfs: initialized
[   10.944059] evm: security.selinux
[   10.963572] evm: security.SMACK64
[   10.986428] evm: security.SMACK64EXEC
[   11.008561] evm: security.SMACK64TRANSMUTE
[   11.040936] evm: security.SMACK64MMAP
[   11.063866] evm: security.ima
[   11.079855] evm: security.capability
[   11.097449] clocksource: jiffies: mask: 0xffffffff max_cycles: 0xffffffff, max_idle_ns: 7645041785100000 ns
[   11.144567] futex hash table entries: 256 (order: 2, 16384 bytes)
[   11.176732] pinctrl core: initialized pinctrl subsystem
[   11.199534] RTC time: 11:14:39, date: 03/16/18
[   11.219473] NET: Registered protocol family 16
[   11.244022] cpuidle: using governor ladder
[   11.263713] cpuidle: using governor menu
[   11.283804] PCCT header not found.
[   11.301411] ACPI: bus type PCI registered
[   11.323163] acpiphp: ACPI Hot Plug PCI Controller Driver version: 0.5
[   11.367961] PCI: Using configuration type 1 for base access
[   11.412858] ACPI: Added _OSI(Module Device)
[   11.434622] ACPI: Added _OSI(Processor Device)
[   11.455929] ACPI: Added _OSI(3.0 _SCP Extensions)
[   11.476036] ACPI: Added _OSI(Processor Aggregator Device)
[   11.503300] ACPI: Executed 1 blocks of module-level executable AML code
[   11.547117] ACPI: Interpreter enabled
[   11.568049] ACPI: (supports S0 S5)
[   11.585632] ACPI: Using IOAPIC for interrupt routing
[   11.608681] PCI: Using host bridge windows from ACPI; if necessary, use "pci=nocrs" and report a bug
[   11.676362] ACPI: PCI Root Bridge [PCI0] (domain 0000 [bus 00-ff])
[   11.702072] acpi PNP0A03:00: _OSC: OS supports [ASPM ClockPM Segments MSI]
[   11.730680] acpi PNP0A03:00: _OSC: not requesting OS control; OS requires [ExtendedConfig ASPM ClockPM MSI]
[   11.784476] acpi PNP0A03:00: fail to add MMCONFIG information, can't access extended PCI configuration space under this bridge.
[   11.853329] PCI host bridge to bus 0000:00
[   11.879174] pci_bus 0000:00: root bus resource [io  0x0000-0x0cf7 window]
[   11.922004] pci_bus 0000:00: root bus resource [io  0x0d00-0xffff window]
[   11.965254] pci_bus 0000:00: root bus resource [mem 0x000a0000-0x000bffff window]
[   12.013435] pci_bus 0000:00: root bus resource [mem 0x20000000-0xffdfffff window]
[   12.093038] pci_bus 0000:00: root bus resource [bus 00-ff]
[   12.158047] pci 0000:00:01.1: legacy IDE quirk: reg 0x10: [io  0x01f0-0x01f7]
[   12.192495] pci 0000:00:01.1: legacy IDE quirk: reg 0x14: [io  0x03f6]
[   12.220546] pci 0000:00:01.1: legacy IDE quirk: reg 0x18: [io  0x0170-0x0177]
[   12.563623] pci 0000:00:01.1: legacy IDE quirk: reg 0x1c: [io  0x0376]
[   12.883511] pci 0000:00:07.0: quirk: [io  0x4000-0x403f] claimed by PIIX4 ACPI
[   12.917137] pci 0000:00:07.0: quirk: [io  0x4100-0x410f] claimed by PIIX4 SMB
[   13.099384] ACPI: PCI Interrupt Link [LNKA] (IRQs 5 9 10 *11)
[   13.225047] ACPI: PCI Interrupt Link [LNKB] (IRQs 5 9 10 *11)
[   13.629581] ACPI: PCI Interrupt Link [LNKC] (IRQs 5 9 *10 11)
[   13.713317] ACPI: PCI Interrupt Link [LNKD] (IRQs 5 *9 10 11)
[   13.943259] ACPI: Enabled 2 GPEs in block 00 to 07
[   14.060411] vgaarb: setting as boot device: PCI:0000:00:02.0
[   14.126704] vgaarb: device added: PCI:0000:00:02.0,decodes=io+mem,owns=io+mem,locks=none
[   14.248773] vgaarb: loaded
[   14.263830] vgaarb: bridge control possible 0000:00:02.0
[   14.296266] SCSI subsystem initialized
[   14.316810] ACPI: bus type USB registered
[   14.341558] usbcore: registered new interface driver usbfs
[   14.370731] usbcore: registered new interface driver hub
[   14.460575] usbcore: registered new device driver usb
[   14.484335] PCI: Using ACPI for IRQ routing
[   14.508478] NetLabel: Initializing
[   14.525244] NetLabel:  domain hash size = 128
[   14.544402] NetLabel:  protocols = UNLABELED CIPSOv4
[   14.567129] NetLabel:  unlabeled traffic allowed by default
[   14.591474] amd_nb: Cannot enumerate AMD northbridges
[   14.613015] clocksource: Switched to clocksource kvm-clock
[   14.669763] AppArmor: AppArmor Filesystem Enabled
[   14.692868] pnp: PnP ACPI init
[   14.719946] pnp: PnP ACPI: found 3 devices
[   14.752264] clocksource: acpi_pm: mask: 0xffffff max_cycles: 0xffffff, max_idle_ns: 2085701024 ns
[   14.791190] NET: Registered protocol family 2
[   14.812255] TCP established hash table entries: 4096 (order: 3, 32768 bytes)
[   14.840165] TCP bind hash table entries: 4096 (order: 4, 65536 bytes)
[   14.866049] TCP: Hash tables configured (established 4096 bind 4096)
[   14.891595] UDP hash table entries: 256 (order: 1, 8192 bytes)
[   14.915743] UDP-Lite hash table entries: 256 (order: 1, 8192 bytes)
[   14.945024] NET: Registered protocol family 1
[   14.965538] pci 0000:00:00.0: Limiting direct PCI/PCI transfers
[   14.996113] pci 0000:00:01.0: Activating ISA DMA hang workarounds
[   15.026730] Unpacking initramfs...
[   21.535446] Freeing initrd memory: 10844K
[   21.556113] RAPL PMU detected, API unit is 2^-32 Joules, 4 fixed counters 10737418240 ms ovfl timer
[   21.616926] hw unit of domain pp0-core 2^-0 Joules
[   21.638430] hw unit of domain package 2^-0 Joules
[   21.660659] hw unit of domain dram 2^-0 Joules
[   21.680599] hw unit of domain pp1-gpu 2^-0 Joules
[   21.701867] platform rtc_cmos: registered platform RTC device (no PNP device found)
[   21.753991] Scanning for low memory corruption every 60 seconds
[   21.818576] audit: initializing netlink subsys (disabled)
[   21.886493] audit: type=2000 audit(1521198896.608:1): initialized
[   21.915841] Initialise system trusted keyring
[   21.945267] HugeTLB registered 2 MB page size, pre-allocated 0 pages
[   21.977483] zbud: loaded
[   22.009496] VFS: Disk quotas dquot_6.6.0
[   22.068278] VFS: Dquot-cache hash table entries: 512 (order 0, 4096 bytes)
[   22.330948] squashfs: version 4.0 (2009/01/31) Phillip Lougher
[   22.357082] fuse init (API version 7.23)
[   22.378768] Key type big_key registered
[   22.397763] Allocating IMA MOK and blacklist keyrings.
[   22.427549] Key type asymmetric registered
[   22.446454] Asymmetric key parser 'x509' registered
[   22.468738] Block layer SCSI generic (bsg) driver version 0.4 loaded (major 249)
[   22.502737] io scheduler noop registered
[   22.697692] io scheduler deadline registered (default)
[   23.033934] io scheduler cfq registered
[   23.123398] pci_hotplug: PCI Hot Plug PCI Core version: 0.5
[   23.157041] pciehp: PCI Express Hot Plug Controller Driver version: 0.4
[   23.213553] ACPI: AC Adapter [AC] (on-line)
[   23.258085] input: Power Button as /devices/LNXSYSTM:00/LNXPWRBN:00/input/input0
[   23.414793] ACPI: Power Button [PWRF]
[   23.504355] input: Sleep Button as /devices/LNXSYSTM:00/LNXSLPBN:00/input/input1
[   23.567981] ACPI: Sleep Button [SLPF]
[   23.600814] GHES: HEST is not enabled!
[   23.632145] Serial: 8250/16550 driver, 32 ports, IRQ sharing enabled
[   23.817493] 00:02: ttyS0 at I/O 0x3f8 (irq = 4, base_baud = 115200) is a 16550A
[   23.854489] Linux agpgart interface v0.103
[   23.875579] loop: module loaded
[   23.895726] scsi host0: ata_piix
[   23.911771] scsi host1: ata_piix
[   23.927755] ata1: PATA max UDMA/33 cmd 0x1f0 ctl 0x3f6 bmdma 0xd000 irq 14
[   23.955254] ata2: PATA max UDMA/33 cmd 0x170 ctl 0x376 bmdma 0xd008 irq 15
[   23.986860] libphy: Fixed MDIO Bus: probed
[   24.010007] tun: Universal TUN/TAP device driver, 1.6
[   24.031809] tun: (C) 1999-2004 Max Krasnyansky <maxk@qualcomm.com>
[   24.182091] PPP generic driver version 2.4.2
[   24.360940] ehci_hcd: USB 2.0 'Enhanced' Host Controller (EHCI) Driver
[   24.431568] ehci-pci: EHCI PCI platform driver
[   24.591510] ehci-platform: EHCI generic platform driver
[   24.782887] ohci_hcd: USB 1.1 'Open' Host Controller (OHCI) Driver
[   24.902586] ohci-pci: OHCI PCI platform driver
[   24.967208] ohci-platform: OHCI generic platform driver
[   25.020471] uhci_hcd: USB Universal Host Controller Interface driver
[   25.112194] i8042: PNP: PS/2 Controller [PNP0303:PS2K,PNP0f03:PS2M] at 0x60,0x64 irq 1,12
[   25.165255] serio: i8042 KBD port at 0x60,0x64 irq 1
[   25.203968] serio: i8042 AUX port at 0x60,0x64 irq 12
[   25.234168] mousedev: PS/2 mouse device common for all mice
[   25.275472] input: AT Translated Set 2 keyboard as /devices/platform/i8042/serio0/input/input2
[   25.336246] rtc_cmos rtc_cmos: rtc core: registered rtc_cmos as rtc0
[   25.381587] rtc_cmos rtc_cmos: alarms up to one day, 114 bytes nvram
[   25.416208] i2c /dev entries driver
[   25.443857] device-mapper: uevent: version 1.0.3
[   25.474415] device-mapper: ioctl: 4.34.0-ioctl (2015-10-28) initialised: dm-devel@redhat.com
[   25.527939] ledtrig-cpu: registered to indicate activity on CPUs
[   25.554321] NET: Registered protocol family 10
[   25.575226] NET: Registered protocol family 17
[   25.596279] Key type dns_resolver registered
[   25.616392] microcode: CPU0 sig=0x40651, pf=0x40, revision=0x0
[   25.642159] microcode: Microcode Update Driver: v2.01 <tigran@aivazian.fsnet.co.uk>, Peter Oruba
[   25.684950] registered taskstats version 1
[   25.702910] Loading compiled-in X.509 certificates
[   25.725585] Loaded X.509 cert 'Build time autogenerated kernel key: aa84f01984fbd529c105810b59e379d349698248'
[   25.863043] zswap: loaded using pool lzo/zbud
[   25.887867] Key type trusted registered
[   25.913485] Key type encrypted registered
[   25.943174] AppArmor: AppArmor sha1 policy hashing enabled
[   25.998532] ima: No TPM chip found, activating TPM-bypass!
[   26.124974] evm: HMAC attrs: 0x1
[   26.145764]   Magic number: 10:516:226
[   26.164692] rtc_cmos rtc_cmos: setting system clock to 2018-03-16 11:14:54 UTC (1521198894)
[   26.206693] BIOS EDD facility v0.16 2004-Jun-25, 0 devices found
[   26.247343] EDD information not available.
[   26.276842] Freeing unused kernel memory: 1508K
[   26.299285] Write protecting the kernel read-only data: 14336k
[   26.337842] Freeing unused kernel memory: 1700K
[   26.359781] Freeing unused kernel memory: 104K
Loading, please [   26.503753] random: systemd-udevd: uninitialized urandom read (16 bytes read, 7 bits of entropy available)
wait...
startin[   26.699012] random: udevadm: uninitialized urandom read (16 bytes read, 7 bits of entropy available)
g version 229
[   27.119825] random: systemd-udevd: uninitialized urandom read (16 bytes read, 7 bits of entropy available)
[   27.177925] random: systemd-udevd: uninitialized urandom read (16 bytes read, 7 bits of entropy available)
[   27.231868] random: systemd-udevd: uninitialized urandom read (16 bytes read, 7 bits of entropy available)
[   27.319972] random: udevadm: uninitialized urandom read (16 bytes read, 7 bits of entropy available)
[   27.394284] random: systemd-udevd: uninitialized urandom read (16 bytes read, 7 bits of entropy available)
[   27.457943] random: udevadm: uninitialized urandom read (16 bytes read, 7 bits of entropy available)
[   27.501738] random: systemd-udevd: uninitialized urandom read (16 bytes read, 7 bits of entropy available)
[   27.574734] random: udevadm: uninitialized urandom read (16 bytes read, 7 bits of entropy available)
[   27.978182] Fusion MPT base driver 3.04.20
[   27.996243] Copyright (c) 1999-2008 LSI Corporation
[   28.037788] e1000: Intel(R) PRO/1000 Network Driver - version 7.3.21-k8-NAPI
[   28.064779] e1000: Copyright (c) 1999-2006 Intel Corporation.
[   28.178617] AVX version of gcm_enc/dec engaged.
[   28.198273] AES CTR mode by8 optimization enabled
[   28.311334] Fusion MPT SPI Host driver 3.04.20
[   28.377778] input: ImExPS/2 Generic Explorer Mouse as /devices/platform/i8042/serio1/input/input4
[   30.296770] e1000 0000:00:03.0 eth0: (PCI:33MHz:32-bit) 02:b2:c2:84:5d:d0
[   30.602452] e1000 0000:00:03.0 eth0: Intel(R) PRO/1000 Network Connection
[   30.666318] mptbase: ioc0: Initiating bringup
[   30.782660] ioc0: LSI53C1030 A0: Capabilities={Initiator}
[   31.110639] floppy0: no floppy controllers found
[   31.196961] scsi host2: ioc0: LSI53C1030 A0, FwRev=00000000h, Ports=1, MaxQ=256, IRQ=20
[   31.359045] scsi 2:0:0:0: Direct-Access     VBOX     HARDDISK         1.0  PQ: 0 ANSI: 5
[   31.417692] scsi target2:0:0: Beginning Domain Validation
[   31.499386] scsi target2:0:0: Domain Validation skipping write tests
[   31.527223] scsi target2:0:0: Ending Domain Validation
[   31.576419] scsi target2:0:0: asynchronous
[   32.215174] scsi 2:0:1:0: Direct-Access     VBOX     HARDDISK         1.0  PQ: 0 ANSI: 5
[   32.685702] scsi target2:0:1: Beginning Domain Validation
[   32.831553] scsi target2:0:1: Domain Validation skipping write tests
[   32.894104] scsi target2:0:1: Ending Domain Validation
[   33.010604] scsi target2:0:1: asynchronous
[   33.449711] sd 2:0:0:0: Attached scsi generic sg0 type 0
[   33.614800] sd 2:0:0:0: [sda] 20971520 512-byte logical blocks: (10.7 GB/10.0 GiB)
[   33.897978] sd 2:0:0:0: [sda] Write Protect is off
[   33.991505] sd 2:0:1:0: [sdb] 20480 512-byte logical blocks: (10.5 MB/10.0 MiB)
[   34.359471] sd 2:0:1:0: Attached scsi generic sg1 type 0
[   34.670074] sd 2:0:0:0: [sda] Incomplete mode parameter data
[   34.812088] sd 2:0:0:0: [sda] Assuming drive cache: write through
[   35.285140] sd 2:0:1:0: [sdb] Write Protect is off
[   35.318881]  sda: sda1
[   35.392392] sd 2:0:1:0: [sdb] Incomplete mode parameter data
[   35.430119] sd 2:0:1:0: [sdb] Assuming drive cache: write through
[   35.619651] sd 2:0:0:0: [sda] Attached SCSI disk
[   36.131617] sd 2:0:1:0: [sdb] Attached SCSI disk
[   36.758495] e1000 0000:00:08.0 eth1: (PCI:33MHz:32-bit) 08:00:27:2f:61:62
[   36.785906] e1000 0000:00:08.0 eth1: Intel(R) PRO/1000 Network Connection
[   36.819089] e1000 0000:00:08.0 enp0s8: renamed from eth1
[   36.846615] e1000 0000:00:03.0 enp0s3: renamed from eth0
Begin: Loading essential drivers ... [   45.086729] md: linear personality registered for level -1
[   45.146237] md: multipath personality registered for level -4
[   45.190936] md: raid0 personality registered for level 0
[   45.241712] md: raid1 personality registered for level 1
[   45.372408] raid6: sse2x1   gen()  2526 MB/s
[   45.482393] raid6: sse2x1   xor()  2081 MB/s
[   45.571975] raid6: sse2x2   gen()  4514 MB/s
[   45.672008] raid6: sse2x2   xor()  3052 MB/s
[   45.772080] raid6: sse2x4   gen()  4697 MB/s
[   45.861954] raid6: sse2x4   xor()  2964 MB/s
[   45.880785] raid6: using algorithm sse2x4 gen() 4697 MB/s
[   45.902704] raid6: .... xor() 2964 MB/s, rmw enabled
[   45.925407] raid6: using ssse3x2 recovery algorithm
[   45.954843] xor: automatically using best checksumming function:
[   46.053097]    avx       : 24230.000 MB/sec
[   46.080366] async_tx: api initialized (async)
[   46.144255] md: raid6 personality registered for level 6
[   46.164257] md: raid5 personality registered for level 5
[   46.185192] md: raid4 personality registered for level 4
[   46.228612] md: raid10 personality registered for level 10
done.
Begin: Running /scripts/init-premount ... done.
Begin: Mounting root file system ... Begin: Running /scripts/local-top ... done.
Begin: Running /scripts/local-premount ... [   46.437384] Btrfs loaded
Scanning for Btrfs filesystems
done.
Warning: fsck no[   47.108450] random: nonblocking pool is initialized
t present, so skipping root file system
[   47.244503] EXT4-fs (sda1): mounted filesystem with ordered data mode. Opts: (null)
done.
Begin: Running /scripts/local-bottom ... done.
Begin: Running /scripts/init-bottom ... done.
[   49.329820] systemd[1]: systemd 229 running in system mode. (+PAM +AUDIT +SELINUX +IMA +APPARMOR +SMACK +SYSVINIT +UTMP +LIBCRYPTSETUP +GCRYPT +GNUTLS +ACL +XZ -LZ4 +SECCOMP +BLKID +ELFUTILS +KMOD -IDN)
[   49.430961] systemd[1]: Detected virtualization oracle.
[   49.458634] systemd[1]: Detected architecture x86-64.

Welcome to [1mUbuntu 16.04.4 LTS[0m!

[   49.594920] systemd[1]: Set hostname to <ubuntu-xenial>.
[   51.779493] systemd[1]: Listening on udev Kernel Socket.
[[0;32m  OK  [0m] Listening on udev Kernel Socket.
[   51.956949] systemd[1]: Created slice System Slice.
[[0;32m  OK  [0m] Created slice System Slice.
[   52.023170] systemd[1]: Started Trigger resolvconf update for networkd DNS.
[[0;32m  OK  [0m] Started Trigger resolvconf update for networkd DNS.
[   52.148439] systemd[1]: Listening on Device-mapper event daemon FIFOs.
[[0;32m  OK  [0m] Listening on Device-mapper event daemon FIFOs.
[   52.445264] systemd[1]: Listening on Syslog Socket.
[[0;32m  OK  [0m] Listening on Syslog Socket.
[   52.596085] systemd[1]: Set up automount Arbitrary Executable File Formats File System Automount Point.
[[0;32m  OK  [0m] Set up automount Arbitrary Executab...ats File System Automount Point.
[   53.039738] systemd[1]: Reached target Encrypted Volumes.
[[0;32m  OK  [0m] Reached target Encrypted Volumes.
[   53.112852] systemd[1]: Listening on /dev/initctl Compatibility Named Pipe.
[[0;32m  OK  [0m] Listening on /dev/initctl Compatibility Named Pipe.
[   53.192382] systemd[1]: Reached target Swap.
[[0;32m  OK  [0m] Reached target Swap.
[   53.261379] systemd[1]: Listening on LVM2 poll daemon socket.
[[0;32m  OK  [0m] Listening on LVM2 poll daemon socket.
[   53.327266] systemd[1]: Listening on udev Control Socket.
[[0;32m  OK  [0m] Listening on udev Control Socket.
[   53.437219] systemd[1]: Created slice system-serial\x2dgetty.slice.
[[0;32m  OK  [0m] Created slice system-serial\x2dgetty.slice.
[   53.509183] systemd[1]: Listening on LVM2 metadata daemon socket.
[[0;32m  OK  [0m] Listening on LVM2 metadata daemon socket.
[   53.563450] systemd[1]: Listening on Journal Socket (/dev/log).
[[0;32m  OK  [0m] Listening on Journal Socket (/dev/log).
[   53.759733] systemd[1]: Listening on Journal Socket.
[[0;32m  OK  [0m] Listening on Journal Socket.
[   53.856947] systemd[1]: Starting Monitoring of LVM2 mirrors, snapshots etc. using dmeventd or progress polling...
         Starting Monitoring of LVM2 mirrors... dmeventd or progress polling...
[   54.003277] systemd[1]: Starting Set console keymap...
         Starting Set console keymap...
[   54.072310] systemd[1]: Starting Remount Root and Kernel File Systems...
         Starting Remount Root and Kernel File Systems...
[   54.159933] systemd[1]: Mounting Huge Pages File System...
         Mounting Huge Pages File System...
[   54.265156] EXT4-fs (sda1): re-mounted. Opts: (null)
[   54.286081] systemd[1]: Mounting Debug File System...
         Mounting Debug File System...
[   54.343715] systemd[1]: Starting Create list of required static device nodes for the current kernel...
         Starting Create list of required st... nodes for the current kernel...
[   54.522173] systemd[1]: Mounting POSIX Message Queue File System...
         Mounting POSIX Message Queue File System...
[   54.880996] systemd[1]: Starting Load Kernel Modules...
         Starting Load Kernel Modules...
[   54.992178] systemd[1]: Starting Nameserver information manager...
         Starting Nameserver information manager...
[   55.064120] systemd[1]: Starting Uncomplicated firewall...
[   55.089344] Loading iSCSI transport class v2.0-870.
         Starting Uncomplicated firewall...
[   55.149002] systemd[1]: Listening on Journal Audit Socket.
[   55.197444] iscsi: registered transport (tcp)
[[0;32m  OK  [0m] Listening on Journal Audit Socket.
[   55.243836] systemd[1]: Starting Journal Service...
         Starting Journal Service...
[   55.317725] systemd[1]: Created slice User and Session Slice.
[[0;32m  OK  [0m] Created slice User and Session Slice.
[   55.415168] systemd[1]: Reached target Slices.
[[0;32m  OK  [0m] Reached target Slices.
[   55.495010] systemd[1]: Started Forward Password Requests to Wall Directory Watch.
[[0;32m  OK  [0m] Started Forward Password Requests to Wall Directory Watch.
[   55.611811] systemd[1]: Reached target User and Group Name Lookups.
[[0;32m  OK  [0m[   55.724298] iscsi: registered transport (iser)
] Reached target User and Group Name Lookups.
[   55.766502] systemd[1]: Mounted Debug File System.
[[0;32m  OK  [0m] Mounted Debug File System.
[   55.841221] systemd[1]: Mounted POSIX Message Queue File System.
[[0;32m  OK  [0m] Mounted POSIX Message Queue File System.
[   56.179378] systemd[1]: Mounted Huge Pages File System.
[[0;32m  OK  [0m] Mounted Huge Pages File System.
[   56.401212] systemd[1]: Started Journal Service.
[[0;32m  OK  [0m] Started Journal Service.
[[0;32m  OK  [0m] Started Set console keymap.
[[0;32m  OK  [0m] Started Remount Root and Kernel File Systems.
[[0;32m  OK  [0m] Started Create list of required sta...ce nodes for the current kernel.
[[0;32m  OK  [0m] Started Load Kernel Modules.
[[0;32m  OK  [0m] Started Uncomplicated firewall.
[[0;32m  OK  [0m] Started Nameserver information manager.
[[0;32m  OK  [0m] Started LVM2 metadata daemon.
         Starting Apply Kernel Variables...
         Mounting FUSE Control File System...
         Starting Create Static Device Nodes in /dev...
         Starting udev Coldplug all Devices...
         Starting Load/Save Random Seed...
         Starting Initial cloud-init job (pre-networking)...
         Starting Flush Journal to Persistent Storage...
[[0;32m  OK  [0m] Mounted FUSE Control File System.
[[0;32m  OK  [0m] Started Monitoring of LVM2 mirrors,...ng dmeventd or progress polling.
[[0;32m  OK  [0m] Started Apply Kernel Variables.
[[0;32m  OK  [0m] Started Create Static Device Nodes in /dev.
[[0;32m  OK  [0m] Started Load/Save Random Seed.
[[0;32m  OK  [0m] Started udev Coldplug all Devices.
[[0;32m  OK  [0m] Started Flush Journal to Persistent Storage.
         Starting udev Kernel Device Manager...
[[0;32m  OK  [0m] Started udev Kernel Device Manager.
[[0;32m  OK  [0m] Reached target Local File Systems (Pre).
[[0;32m  OK  [0m] Reached target Local File Systems.
         Starting Create Volatile Files and Directories...
         Starting LSB: AppArmor initialization...
         Starting Set console font and keymap...
         Starting Tell Plymouth To Write Out Runtime Data...
[[0;32m  OK  [0m] Started Dispatch Password Requests to Console Directory Watch.
[[0;32m  OK  [0m] Started Create Volatile Files and Directories.
[[0;32m  OK  [0m] Started Tell Plymouth To Write Out Runtime Data.
[[0;32m  OK  [0m] Reached target System Time Synchronized.
         Starting Update UTMP about System Boot/Shutdown...
[[0;32m  OK  [0m] Started Update UTMP about System Boot/Shutdown.
[[0;32m  OK  [0m] Started LSB: AppArmor initialization.
[   59.120492] cloud-init[442]: Cloud-init v. 17.2 running 'init-local' at Fri, 16 Mar 2018 11:15:37 +0000. Up 56.84 seconds.
[[0;32m  OK  [0m] Started Initial cloud-init job (pre-networking).
[[0;32m  OK  [0m] Found device /dev/ttyS0.
[[0;32m  OK  [0m] Listening on Load/Save RF Kill Switch Status /dev/rfkill Watch.
[[0;32m  OK  [0m] Reached target Network (Pre).
[[0;32m  OK  [0m] Started ifup for enp0s8.
[[0;32m  OK  [0m] Started ifup for enp0s3.
         Starting Raise network interfaces...
[[0;32m  OK  [0m] Started Set console font and keymap.
[[0;32m  OK  [0m] Created slice system-getty.slice.
[[0;32m  OK  [0m] Started Raise network interfaces.
         Starting Initial cloud-init job (metadata service crawler)...
[[0;32m  OK  [0m] Reached target Network.
[   85.549816] cloud-init[1058]: Cloud-init v. 17.2 running 'init' at Fri, 16 Mar 2018 11:16:03 +0000. Up 82.69 seconds.
[   85.685058] cloud-init[1058]: ci-info: ++++++++++++++++++++++++++++++++++++++Net device info++++++++++++++++++++++++++++++++++++++
[   85.772764] cloud-init[1058]: ci-info: +--------+------+-----------------------------+---------------+-------+-------------------+
[   85.875588] cloud-init[1058]: ci-info: | Device |  Up  |           Address           |      Mask     | Scope |     Hw-Address    |
[[0;32m  OK  [0m[   86.007040] cloud-init] Started Initial cloud-init job (metadata service crawler).[1058]: ci-info: +--------+------+-----------------------------+---------------+-------+-------------------+
[   86.113882] cloud-init[1058]: ci-info: | enp0s3 | True |          10.0.2.15          | 255.255.255.0 |   .   | 02:b2:c2:84:5d:d0 |
[   86.114284] cloud-init[1058]: ci-info: | enp0s3 | True |  fe80::b2:c2ff:fe84:5dd0/64 |       .       |  link | 02:b2:c2:84:5d:d0 |
[   86.114637] cloud-init[1058]: ci-info: | enp0s8 | True |         192.168.0.3         | 255.255.255.0 |   .   | 08:00:27:2f:61:62 |

[[   86.124390] [0;32m  OK  [0mcloud-init] Reached target System Initialization.[1058]: ci-info: | enp0s8 | True | fe80::a00:27ff:fe2f:6162/64 |       .       |  link | 08:00:27:2f:61:62 |
[[0;32m  OK  [0m
[   86.496430] ] Listening on UUID daemon activation socket.cloud-init[1058]: ci-info: |   lo   | True |          127.0.0.1          |   255.0.0.0   |   .   |         .         |
[[0;32m  OK  [0m] Listening on ACPID Listen Socket.

[   86.585794]          Starting Socket activation for snappy daemon.cloud-init[1058]: ci-info: |   lo   | True |           ::1/128           |       .       |  host |         .         |

[   86.666535] cloud-init[1058]: ci-info: +--------+------+-----------------------------+---------------+-------+-------------------+
[[   86.846037] [0;32m  OK  [0mcloud-init[1058]: ] Started ACPI Events Check.ci-info: +++++++++++++++++++++++++++Route IPv4 info++++++++++++++++++++++++++++
[[0;32m  OK  [0m] Reached target Paths.

[   87.003851] cloud-init[1058]: ci-info: +-------+-------------+----------+---------------+-----------+-------+
[   87.081253] cloud-init[1058]: ci-info: | Route | Destination | Gateway  |    Genmask    | Interface | Flags |
[   87.151194] cloud-init[1058]: ci-info: +-------+-------------+----------+---------------+-----------+-------+
[   87.246175] [[0;32m  OK  [0mcloud-init] Started Daily apt download activities.[1058]: ci-info: |   0   |   0.0.0.0   | 10.0.2.2 |    0.0.0.0    |   enp0s3  |   UG  |
[   87.287640] cloud-init[1058]: ci-info: |   1   |   10.0.2.0  | 0.0.0.0  | 255.255.255.0 |   enp0s3  |   U   |
[   87.287782] cloud-init[1058]: ci-info: |   2   | 192.168.0.0 | 0.0.0.0  | 255.255.255.0 |   enp0s8  |   U   |
[   87.288984] cloud-init[1058]: ci-info: +-------+-------------+----------+---------------+-----------+-------+

[[0;32m  OK  [0m] Started Daily apt upgrade and clean activities.
[[0;32m  OK  [0m] Listening on D-Bus System Message Bus Socket.
[[0;32m  OK  [0m] Started Daily Cleanup of Temporary Directories.
         Starting LXD - unix socket.
[[0;32m  OK  [0m] Started Clean PHP session files every 30 mins.
[[0;32m  OK  [0m] Started Timer to automatically refresh installed snaps.
[[0;32m  OK  [0m] Reached target Timers.
[[0;32m  OK  [0m] Reached target Network is Online.
         Starting iSCSI initiator daemon (iscsid)...
[[0;32m  OK  [0m] Reached target Cloud-config availability.
[[0;32m  OK  [0m] Listening on Socket activation for snappy daemon.
[[0;32m  OK  [0m] Listening on LXD - unix socket.
[[0;32m  OK  [0m] Reached target Sockets.
[[0;32m  OK  [0m] Reached target Basic System.
         Starting /etc/rc.local Compatibility...
[[0;32m  OK  [0m] Started ACPI event daemon.
         Starting The PHP 7.2 FastCGI Process Manager...
         Starting LXD - container startup/shutdown...
[[0;32m  OK  [0m] Started Unattended Upgrades Shutdown.
         Starting LSB: MD monitoring daemon...
[[0;32m  OK  [0m] Started Deferred execution scheduler.
         Starting System Logging Service...
[[0;32m  OK  [0m] Started D-Bus System Message Bus.
[[0;32m  OK  [0m] Started Regular background program processing daemon.
         Starting LSB: Record successful boot for GRUB...
         Starting Accounts Service...
         Starting Apply the settings specified in cloud-config...
         Starting Snappy daemon...
         Starting Login Service...
[[0;32m  OK  [0m] Started FUSE filesystem for LXC.
         Starting OpenBSD Secure Shell server...
         Starting A high performance web server and a reverse proxy server...
[[0;32m  OK  [0m] Started System Logging Service.
[[0;32m  OK  [0m] Started iSCSI initiator daemon (iscsid).
[[0;32m  OK  [0m] Started /etc/rc.local Compatibility.
[[0;32m  OK  [0m] Started Login Service.
         Starting Authenticate and Authorize Users to Run Privileged Tasks...
         Starting Login to default iSCSI targets...
[[0;32m  OK  [0m] Started OpenBSD Secure Shell server.
[[0;32m  OK  [0m] Started LSB: MD monitoring daemon.
[[0;32m  OK  [0m] Started LSB: Record successful boot for GRUB.
[[0;32m  OK  [0m] Started LXD - container startup/shutdown.
[[0;32m  OK  [0m] Started Authenticate and Authorize Users to Run Privileged Tasks.
[[0;32m  OK  [0m] Started Accounts Service.
[[0;32m  OK  [0m] Started Login to default iSCSI targets.
[[0;32m  OK  [0m] Reached target Remote File Systems (Pre).
[[0;32m  OK  [0m] Reached target Remote File Systems.
         Starting Permit User Sessions...
         Starting LSB: VirtualBox Linux Additions...
         Starting LSB: daemon to balance interrupts for SMP systems...
         Starting LSB: automatic crash report generation...
         Starting LSB: Set the CPU Frequency Scaling governor to "ondemand"...
[[0;32m  OK  [0m] Started Permit User Sessions.
[[0;32m  OK  [0m] Created slice User Slice of vagrant.
         Starting User Manager for UID 1000...
[[0;32m  OK  [0m] Started Session 1 of user vagrant.
         Starting Terminate Plymouth Boot Screen...
         Starting Hold until boot process finishes up...
[[0;32m  OK  [0m] Started User Manager for UID 1000.
[[0;32m  OK  [0m] Started Snappy daemon.
[[0;32m  OK  [0m] Started LSB: daemon to balance interrupts for SMP systems.
[[0;32m  OK  [0m] Started LSB: automatic crash report generation.
[[0;32m  OK  [0m] Started LSB: Set the CPU Frequency Scaling governor to "ondemand".
[[0;32m  OK  [0m] Started A high performance web server and a reverse proxy server.
[[0;32m  OK  [0m] Started Terminate Plymouth Boot Screen.
[[0;32m  OK  [0m] Started Hold until boot process finishes up.
[[0;32m  OK  [0m] Started The PHP 7.2 FastCGI Process Manager.
[[0;32m  OK  [0m] Started LSB: VirtualBox Linux Additions.
[[0;32m  OK  [0m] Started Serial Getty on ttyS0.
[   98.698276] [[0;32m  OK  [0m] Started Getty on tty1.cloud-init[1161]: 
[[0;32m  OK  [0mCloud-init v. 17.2 running 'modules:config' at Fri, 16 Mar 2018 11:16:16 +0000. Up 95.49 seconds.] Reached target Login Prompts.
         Starting Set console scheme...
[[0;32m  OK  [0m] Reached target Multi-User System.

[[0;32m  OK  [0m] Reached target Graphical Interface.
         Starting Update UTMP about System Runlevel Changes...
[[0;32m  OK  [0m] Started Set console scheme.
[[0;32m  OK  [0m] Started Apply the settings specified in cloud-config.
[[0;32m  OK  [0m] Started Update UTMP about System Runlevel Changes.
         Starting Execute cloud user/final scripts...
[  102.419898] cloud-init[1352]: Cloud-init v. 17.2 running 'modules:final' at Fri, 16 Mar 2018 11:16:22 +0000. Up 101.56 seconds.
[  102.565078] cloud-init[1352]: Cloud-init v. 17.2 finished at Fri, 16 Mar 2018 11:16:23 +0000. Datasource DataSourceNoCloud [seed=/dev/sdb][dsmode=net].  Up 102.39 seconds
[[0;32m  OK  [0m] Started Execute cloud user/final scripts.
[[0;32m  OK  [0m] Reached target Cloud-init target.

Ubuntu 16.04.4 LTS ubuntu-xenial ttyS0

ubuntu-xenial login: 