[    0.000000] Initializing cgroup subsys cpuset
[    0.000000] Initializing cgroup subsys cpu
[    0.000000] Initializing cgroup subsys cpuacct
[    0.000000] Linux version 4.4.0-116-generic (buildd@lgw01-amd64-021) (gcc version 5.4.0 20160609 (Ubuntu 5.4.0-6ubuntu1~16.04.9) ) #140-Ubuntu SMP Mon Feb 12 21:23:04 UTC 2018 (Ubuntu 4.4.0-116.140-generic 4.4.98)
[    0.000000] Command line: BOOT_IMAGE=/boot/vmlinuz-4.4.0-116-generic root=LABEL=cloudimg-rootfs ro console=tty1 console=ttyS0
[    0.000000] KERNEL supported cpus:
[    0.000000]   Intel GenuineIntel
[    0.000000]   AMD AuthenticAMD
[    0.000000]   Centaur CentaurHauls
[    0.000000] x86/fpu: xstate_offset[2]:  576, xstate_sizes[2]:  256
[    0.000000] x86/fpu: Supporting XSAVE feature 0x01: 'x87 floating point registers'
[    0.000000] x86/fpu: Supporting XSAVE feature 0x02: 'SSE registers'
[    0.000000] x86/fpu: Supporting XSAVE feature 0x04: 'AVX registers'
[    0.000000] x86/fpu: Enabled xstate features 0x7, context size is 832 bytes, using 'standard' format.
[    0.000000] x86/fpu: Using 'lazy' FPU context switches.
[    0.000000] e820: BIOS-provided physical RAM map:
[    0.000000] BIOS-e820: [mem 0x0000000000000000-0x000000000009fbff] usable
[    0.000000] BIOS-e820: [mem 0x000000000009fc00-0x000000000009ffff] reserved
[    0.000000] BIOS-e820: [mem 0x00000000000f0000-0x00000000000fffff] reserved
[    0.000000] BIOS-e820: [mem 0x0000000000100000-0x000000001ffeffff] usable
[    0.000000] BIOS-e820: [mem 0x000000001fff0000-0x000000001fffffff] ACPI data
[    0.000000] BIOS-e820: [mem 0x00000000fec00000-0x00000000fec00fff] reserved
[    0.000000] BIOS-e820: [mem 0x00000000fee00000-0x00000000fee00fff] reserved
[    0.000000] BIOS-e820: [mem 0x00000000fffc0000-0x00000000ffffffff] reserved
[    0.000000] NX (Execute Disable) protection: active
[    0.000000] SMBIOS 2.5 present.
[    0.000000] Hypervisor detected: KVM
[    0.000000] e820: last_pfn = 0x1fff0 max_arch_pfn = 0x400000000
[    0.000000] MTRR: Disabled
[    0.000000] x86/PAT: MTRRs disabled, skipping PAT initialization too.
[    0.000000] CPU MTRRs all blank - virtualized system.
[    0.000000] x86/PAT: Configuration [0-7]: WB  WT  UC- UC  WB  WT  UC- UC  
[    0.000000] found SMP MP-table at [mem 0x0009fff0-0x0009ffff] mapped at [ffff88000009fff0]
[    0.000000] Scanning 1 areas for low memory corruption
[    0.000000] RAMDISK: [mem 0x1ecaa000-0x1f740fff]
[    0.000000] ACPI: Early table checksum verification disabled
[    0.000000] ACPI: RSDP 0x00000000000E0000 000024 (v02 VBOX  )
[    0.000000] ACPI: XSDT 0x000000001FFF0030 00003C (v01 VBOX   VBOXXSDT 00000001 ASL  00000061)
[    0.000000] ACPI: FACP 0x000000001FFF00F0 0000F4 (v04 VBOX   VBOXFACP 00000001 ASL  00000061)
[    0.000000] ACPI: DSDT 0x000000001FFF0470 0021FF (v02 VBOX   VBOXBIOS 00000002 INTL 20170728)
[    0.000000] ACPI: FACS 0x000000001FFF0200 000040
[    0.000000] ACPI: FACS 0x000000001FFF0200 000040
[    0.000000] ACPI: APIC 0x000000001FFF0240 000054 (v02 VBOX   VBOXAPIC 00000001 ASL  00000061)
[    0.000000] ACPI: SSDT 0x000000001FFF02A0 0001CC (v01 VBOX   VBOXCPUT 00000002 INTL 20170728)
[    0.000000] No NUMA configuration found
[    0.000000] Faking a node at [mem 0x0000000000000000-0x000000001ffeffff]
[    0.000000] NODE_DATA(0) allocated [mem 0x1ffeb000-0x1ffeffff]
[    0.000000] kvm-clock: Using msrs 4b564d01 and 4b564d00
[    0.000000] kvm-clock: cpu 0, msr 0:1ffe3001, primary cpu clock
[    0.000000] kvm-clock: using sched offset of 11820696072 cycles
[    0.000000] clocksource: kvm-clock: mask: 0xffffffffffffffff max_cycles: 0x1cd42e4dffb, max_idle_ns: 881590591483 ns
[    0.000000] Zone ranges:
[    0.000000]   DMA      [mem 0x0000000000001000-0x0000000000ffffff]
[    0.000000]   DMA32    [mem 0x0000000001000000-0x000000001ffeffff]
[    0.000000]   Normal   empty
[    0.000000]   Device   empty
[    0.000000] Movable zone start for each node
[    0.000000] Early memory node ranges
[    0.000000]   node   0: [mem 0x0000000000001000-0x000000000009efff]
[    0.000000]   node   0: [mem 0x0000000000100000-0x000000001ffeffff]
[    0.000000] Initmem setup node 0 [mem 0x0000000000001000-0x000000001ffeffff]
[    0.000000] ACPI: PM-Timer IO Port: 0x4008
[    0.000000] IOAPIC[0]: apic_id 1, version 32, address 0xfec00000, GSI 0-23
[    0.000000] ACPI: INT_SRC_OVR (bus 0 bus_irq 0 global_irq 2 dfl dfl)
[    0.000000] ACPI: INT_SRC_OVR (bus 0 bus_irq 9 global_irq 9 high level)
[    0.000000] Using ACPI (MADT) for SMP configuration information
[    0.000000] smpboot: Allowing 1 CPUs, 0 hotplug CPUs
[    0.000000] PM: Registered nosave memory: [mem 0x00000000-0x00000fff]
[    0.000000] PM: Registered nosave memory: [mem 0x0009f000-0x0009ffff]
[    0.000000] PM: Registered nosave memory: [mem 0x000a0000-0x000effff]
[    0.000000] PM: Registered nosave memory: [mem 0x000f0000-0x000fffff]
[    0.000000] e820: [mem 0x20000000-0xfebfffff] available for PCI devices
[    0.000000] Booting paravirtualized kernel on KVM
[    0.000000] clocksource: refined-jiffies: mask: 0xffffffff max_cycles: 0xffffffff, max_idle_ns: 7645519600211568 ns
[    0.000000] setup_percpu: NR_CPUS:512 nr_cpumask_bits:512 nr_cpu_ids:1 nr_node_ids:1
[    0.000000] PERCPU: Embedded 34 pages/cpu @ffff88001fc00000 s99544 r8192 d31528 u2097152
[    0.000000] PV qspinlock hash table entries: 256 (order: 0, 4096 bytes)
[    0.000000] Built 1 zonelists in Node order, mobility grouping on.  Total pages: 128889
[    0.000000] Policy zone: DMA32
[    0.000000] Kernel command line: BOOT_IMAGE=/boot/vmlinuz-4.4.0-116-generic root=LABEL=cloudimg-rootfs ro console=tty1 console=ttyS0
[    0.000000] PID hash table entries: 2048 (order: 2, 16384 bytes)
[    0.000000] Memory: 485744K/523832K available (8530K kernel code, 1309K rwdata, 3992K rodata, 1508K init, 1316K bss, 38088K reserved, 0K cma-reserved)
[    0.000000] SLUB: HWalign=64, Order=0-3, MinObjects=0, CPUs=1, Nodes=1
[    0.000000] Kernel/User page tables isolation: enabled
[    0.000000] Hierarchical RCU implementation.
[    0.000000] 	Build-time adjustment of leaf fanout to 64.
[    0.000000] 	RCU restricting CPUs from NR_CPUS=512 to nr_cpu_ids=1.
[    0.000000] RCU: Adjusting geometry for rcu_fanout_leaf=64, nr_cpu_ids=1
[    0.000000] NR_IRQS:33024 nr_irqs:256 16
[    0.000000] Console: colour VGA+ 80x25
[    0.000000] console [tty1] enabled
[    0.000000] console [ttyS0] enabled
[    0.000000] tsc: Detected 1895.612 MHz processor
[    3.819816] Calibrating delay loop (skipped) preset value.. 3791.22 BogoMIPS (lpj=7582448)
[    3.860501] pid_max: default: 32768 minimum: 301
[    3.880999] ACPI: Core revision 20150930
[    3.903264] ACPI: 2 ACPI AML tables successfully acquired and loaded
[    3.934679] Security Framework initialized
[    3.955163] Yama: becoming mindful.
[    3.973140] AppArmor: AppArmor initialized
[    3.993514] Dentry cache hash table entries: 65536 (order: 7, 524288 bytes)
[    4.023080] Inode-cache hash table entries: 32768 (order: 6, 262144 bytes)
[    4.053427] Mount-cache hash table entries: 1024 (order: 1, 8192 bytes)
[    4.103638] Mountpoint-cache hash table entries: 1024 (order: 1, 8192 bytes)
[    4.148373] Initializing cgroup subsys io
[    4.167391] Initializing cgroup subsys memory
[    4.188436] Initializing cgroup subsys devices
[    4.260186] Initializing cgroup subsys freezer
[    4.305206] Initializing cgroup subsys net_cls
[    4.349228] Initializing cgroup subsys perf_event
[    4.493351] Initializing cgroup subsys net_prio
[    4.564195] Initializing cgroup subsys hugetlb
[    4.587933] Initializing cgroup subsys pids
[    4.612121] CPU: Physical Processor ID: 0
[    4.643159] FEATURE SPEC_CTRL Not Present
[    4.664751] mce: CPU supports 0 MCE banks
[    4.685370] Last level iTLB entries: 4KB 1024, 2MB 1024, 4MB 1024
[    4.712047] Last level dTLB entries: 4KB 1024, 2MB 1024, 4MB 1024, 1GB 4
[    4.739474] Spectre V2 mitigation: Mitigation: Full generic retpoline
[    4.767029] Spectre V2 mitigation: Speculation control IBPB not-supported IBRS not-supported
[    4.988829] Freeing SMP alternatives memory: 32K
[    5.146336] ftrace: allocating 32186 entries in 126 pages
[    6.069414] smpboot: APIC(0) Converting physical 0 to logical package 0
[    6.106817] smpboot: Max logical packages: 1
[    6.134924] x2apic enabled
[    6.189209] Switched APIC routing to physical x2apic.
[    6.280207] ..TIMER: vector=0x30 apic1=0 pin1=2 apic2=-1 pin2=-1
[    6.385183] APIC calibration not consistent with PM-Timer: 220ms instead of 100ms
[    6.544321] APIC delta adjusted to PM-Timer: 6217407 (13693793)
[    6.567528] smpboot: CPU0: Intel(R) Core(TM) i3-4030U CPU @ 1.90GHz (family: 0x6, model: 0x45, stepping: 0x1)
[    6.618929] Performance Events: unsupported p6 CPU model 69 no PMU driver, software events only.
[    6.686414] KVM setup paravirtual spinlock
[    6.708001] x86: Booted up 1 node, 1 CPUs
[    6.736979] smpboot: Total of 1 processors activated (3791.22 BogoMIPS)
[    6.779854] devtmpfs: initialized
[    6.800614] evm: security.selinux
[    6.817298] evm: security.SMACK64
[    6.840676] evm: security.SMACK64EXEC
[    6.890240] evm: security.SMACK64TRANSMUTE
[    6.909480] evm: security.SMACK64MMAP
[    6.973389] evm: security.ima
[    7.007864] evm: security.capability
[    7.049392] clocksource: jiffies: mask: 0xffffffff max_cycles: 0xffffffff, max_idle_ns: 7645041785100000 ns
[    7.131134] futex hash table entries: 256 (order: 2, 16384 bytes)
[    7.163856] pinctrl core: initialized pinctrl subsystem
[    7.190326] RTC time:  3:32:03, date: 03/27/18
[    7.212283] NET: Registered protocol family 16
[    7.232877] cpuidle: using governor ladder
[    7.251308] cpuidle: using governor menu
[    7.271992] PCCT header not found.
[    7.288972] ACPI: bus type PCI registered
[    7.327661] acpiphp: ACPI Hot Plug PCI Controller Driver version: 0.5
[    7.360716] PCI: Using configuration type 1 for base access
[    7.399578] ACPI: Added _OSI(Module Device)
[    7.418945] ACPI: Added _OSI(Processor Device)
[    7.439002] ACPI: Added _OSI(3.0 _SCP Extensions)
[    7.462044] ACPI: Added _OSI(Processor Aggregator Device)
[    7.513274] ACPI: Executed 1 blocks of module-level executable AML code
[    7.552444] ACPI: Interpreter enabled
[    7.570996] ACPI: (supports S0 S5)
[    7.590274] ACPI: Using IOAPIC for interrupt routing
[    7.616619] PCI: Using host bridge windows from ACPI; if necessary, use "pci=nocrs" and report a bug
[    7.706877] ACPI: PCI Root Bridge [PCI0] (domain 0000 [bus 00-ff])
[    7.737505] acpi PNP0A03:00: _OSC: OS supports [ASPM ClockPM Segments MSI]
[    7.766915] acpi PNP0A03:00: _OSC: not requesting OS control; OS requires [ExtendedConfig ASPM ClockPM MSI]
[    7.809315] acpi PNP0A03:00: fail to add MMCONFIG information, can't access extended PCI configuration space under this bridge.
[    7.872772] PCI host bridge to bus 0000:00
[    7.893093] pci_bus 0000:00: root bus resource [io  0x0000-0x0cf7 window]
[    7.922429] pci_bus 0000:00: root bus resource [io  0x0d00-0xffff window]
[    7.950913] pci_bus 0000:00: root bus resource [mem 0x000a0000-0x000bffff window]
[    7.997177] pci_bus 0000:00: root bus resource [mem 0x20000000-0xffdfffff window]
[    8.033987] pci_bus 0000:00: root bus resource [bus 00-ff]
[    8.090247] pci 0000:00:01.1: legacy IDE quirk: reg 0x10: [io  0x01f0-0x01f7]
[    8.119931] pci 0000:00:01.1: legacy IDE quirk: reg 0x14: [io  0x03f6]
[    8.165969] pci 0000:00:01.1: legacy IDE quirk: reg 0x18: [io  0x0170-0x0177]
[    8.485235] pci 0000:00:01.1: legacy IDE quirk: reg 0x1c: [io  0x0376]
[    8.774743] pci 0000:00:07.0: quirk: [io  0x4000-0x403f] claimed by PIIX4 ACPI
[    8.814393] pci 0000:00:07.0: quirk: [io  0x4100-0x410f] claimed by PIIX4 SMB
[    9.003685] ACPI: PCI Interrupt Link [LNKA] (IRQs 5 9 10 *11)
[    9.043576] ACPI: PCI Interrupt Link [LNKB] (IRQs 5 9 10 *11)
[    9.119568] ACPI: PCI Interrupt Link [LNKC] (IRQs 5 9 *10 11)
[    9.154128] ACPI: PCI Interrupt Link [LNKD] (IRQs 5 *9 10 11)
[    9.189658] ACPI: Enabled 2 GPEs in block 00 to 07
[    9.218693] vgaarb: setting as boot device: PCI:0000:00:02.0
[    9.240297] vgaarb: device added: PCI:0000:00:02.0,decodes=io+mem,owns=io+mem,locks=none
[    9.273188] vgaarb: loaded
[    9.286187] vgaarb: bridge control possible 0000:00:02.0
[    9.309457] SCSI subsystem initialized
[    9.328555] ACPI: bus type USB registered
[    9.354139] usbcore: registered new interface driver usbfs
[    9.426950] usbcore: registered new interface driver hub
[    9.460029] usbcore: registered new device driver usb
[    9.490946] PCI: Using ACPI for IRQ routing
[    9.519799] NetLabel: Initializing
[    9.541327] NetLabel:  domain hash size = 128
[    9.559974] NetLabel:  protocols = UNLABELED CIPSOv4
[    9.584377] NetLabel:  unlabeled traffic allowed by default
[    9.622679] amd_nb: Cannot enumerate AMD northbridges
[    9.665739] clocksource: Switched to clocksource kvm-clock
[    9.755282] AppArmor: AppArmor Filesystem Enabled
[    9.781394] pnp: PnP ACPI init
[    9.807366] pnp: PnP ACPI: found 3 devices
[    9.835222] clocksource: acpi_pm: mask: 0xffffff max_cycles: 0xffffff, max_idle_ns: 2085701024 ns
[    9.872363] NET: Registered protocol family 2
[    9.891854] TCP established hash table entries: 4096 (order: 3, 32768 bytes)
[    9.917489] TCP bind hash table entries: 4096 (order: 4, 65536 bytes)
[    9.942278] TCP: Hash tables configured (established 4096 bind 4096)
[    9.966781] UDP hash table entries: 256 (order: 1, 8192 bytes)
[    9.989689] UDP-Lite hash table entries: 256 (order: 1, 8192 bytes)
[   10.013313] NET: Registered protocol family 1
[   10.031700] pci 0000:00:00.0: Limiting direct PCI/PCI transfers
[   10.055031] pci 0000:00:01.0: Activating ISA DMA hang workarounds
[   10.080481] Unpacking initramfs...
[   14.614652] Freeing initrd memory: 10844K
[   14.633342] RAPL PMU detected, API unit is 2^-32 Joules, 4 fixed counters 10737418240 ms ovfl timer
[   14.678484] hw unit of domain pp0-core 2^-0 Joules
[   14.696758] hw unit of domain package 2^-0 Joules
[   14.715165] hw unit of domain dram 2^-0 Joules
[   14.734398] hw unit of domain pp1-gpu 2^-0 Joules
[   14.756837] platform rtc_cmos: registered platform RTC device (no PNP device found)
[   14.789992] Scanning for low memory corruption every 60 seconds
[   14.812646] audit: initializing netlink subsys (disabled)
[   14.834329] audit: type=2000 audit(1522121535.687:1): initialized
[   14.860617] Initialise system trusted keyring
[   14.880024] HugeTLB registered 2 MB page size, pre-allocated 0 pages
[   14.908085] zbud: loaded
[   14.921410] VFS: Disk quotas dquot_6.6.0
[   14.938610] VFS: Dquot-cache hash table entries: 512 (order 0, 4096 bytes)
[   14.966678] squashfs: version 4.0 (2009/01/31) Phillip Lougher
[   14.989933] fuse init (API version 7.23)
[   15.006975] Key type big_key registered
[   15.024175] Allocating IMA MOK and blacklist keyrings.
[   15.046226] Key type asymmetric registered
[   15.063842] Asymmetric key parser 'x509' registered
[   15.082445] Block layer SCSI generic (bsg) driver version 0.4 loaded (major 249)
[   15.112737] io scheduler noop registered
[   15.130576] io scheduler deadline registered (default)
[   15.150683] io scheduler cfq registered
[   15.166914] pci_hotplug: PCI Hot Plug PCI Core version: 0.5
[   15.188753] pciehp: PCI Express Hot Plug Controller Driver version: 0.4
[   15.212877] ACPI: AC Adapter [AC] (on-line)
[   15.231230] input: Power Button as /devices/LNXSYSTM:00/LNXPWRBN:00/input/input0
[   15.261355] ACPI: Power Button [PWRF]
[   15.278575] input: Sleep Button as /devices/LNXSYSTM:00/LNXSLPBN:00/input/input1
[   15.309230] ACPI: Sleep Button [SLPF]
[   15.325389] GHES: HEST is not enabled!
[   15.340942] Serial: 8250/16550 driver, 32 ports, IRQ sharing enabled
[   15.425516] 00:02: ttyS0 at I/O 0x3f8 (irq = 4, base_baud = 115200) is a 16550A
[   15.458020] Linux agpgart interface v0.103
[   15.490228] loop: module loaded
[   15.514786] scsi host0: ata_piix
[   15.531636] scsi host1: ata_piix
[   15.556649] ata1: PATA max UDMA/33 cmd 0x1f0 ctl 0x3f6 bmdma 0xd000 irq 14
[   15.584346] ata2: PATA max UDMA/33 cmd 0x170 ctl 0x376 bmdma 0xd008 irq 15
[   15.631354] libphy: Fixed MDIO Bus: probed
[   15.658030] tun: Universal TUN/TAP device driver, 1.6
[   15.712966] tun: (C) 1999-2004 Max Krasnyansky <maxk@qualcomm.com>
[   15.849064] PPP generic driver version 2.4.2
[   15.894612] ehci_hcd: USB 2.0 'Enhanced' Host Controller (EHCI) Driver
[   15.948460] ehci-pci: EHCI PCI platform driver
[   15.975757] ehci-platform: EHCI generic platform driver
[   15.996992] ohci_hcd: USB 1.1 'Open' Host Controller (OHCI) Driver
[   16.026123] ohci-pci: OHCI PCI platform driver
[   16.052138] ohci-platform: OHCI generic platform driver
[   16.072669] uhci_hcd: USB Universal Host Controller Interface driver
[   16.099139] i8042: PNP: PS/2 Controller [PNP0303:PS2K,PNP0f03:PS2M] at 0x60,0x64 irq 1,12
[   16.148880] serio: i8042 KBD port at 0x60,0x64 irq 1
[   16.170786] serio: i8042 AUX port at 0x60,0x64 irq 12
[   16.197809] mousedev: PS/2 mouse device common for all mice
[   16.224093] input: AT Translated Set 2 keyboard as /devices/platform/i8042/serio0/input/input2
[   16.269287] rtc_cmos rtc_cmos: rtc core: registered rtc_cmos as rtc0
[   16.292687] rtc_cmos rtc_cmos: alarms up to one day, 114 bytes nvram
[   16.317237] i2c /dev entries driver
[   16.333078] device-mapper: uevent: version 1.0.3
[   16.352599] device-mapper: ioctl: 4.34.0-ioctl (2015-10-28) initialised: dm-devel@redhat.com
[   16.387411] ledtrig-cpu: registered to indicate activity on CPUs
[   16.409694] NET: Registered protocol family 10
[   16.428121] NET: Registered protocol family 17
[   16.446285] Key type dns_resolver registered
[   16.464008] microcode: CPU0 sig=0x40651, pf=0x40, revision=0x0
[   16.487180] microcode: Microcode Update Driver: v2.01 <tigran@aivazian.fsnet.co.uk>, Peter Oruba
[   16.522698] registered taskstats version 1
[   16.539919] Loading compiled-in X.509 certificates
[   16.561131] Loaded X.509 cert 'Build time autogenerated kernel key: aa84f01984fbd529c105810b59e379d349698248'
[   16.599515] zswap: loaded using pool lzo/zbud
[   16.662222] Key type trusted registered
[   16.685135] Key type encrypted registered
[   16.701707] AppArmor: AppArmor sha1 policy hashing enabled
[   16.722190] ima: No TPM chip found, activating TPM-bypass!
[   16.743385] evm: HMAC attrs: 0x1
[   16.762861]   Magic number: 10:802:513
[   16.782702] rtc_cmos rtc_cmos: setting system clock to 2018-03-27 03:32:12 UTC (1522121532)
[   16.819553] BIOS EDD facility v0.16 2004-Jun-25, 0 devices found
[   16.865436] EDD information not available.
[   16.891632] Freeing unused kernel memory: 1508K
[   16.910172] Write protecting the kernel read-only data: 14336k
[   16.936370] Freeing unused kernel memory: 1700K
[   16.955350] Freeing unused kernel memory: 104K
Loading, please wait...
starting version 229
[   17.019737] random: udevadm: uninitialized urandom read (16 bytes read, 4 bits of entropy available)
[   17.125878] random: systemd-udevd: uninitialized urandom read (16 bytes read, 4 bits of entropy available)
[   17.165211] random: systemd-udevd: uninitialized urandom read (16 bytes read, 4 bits of entropy available)
[   17.205501] random: systemd-udevd: uninitialized urandom read (16 bytes read, 4 bits of entropy available)
[   17.243291] random: udevadm: uninitialized urandom read (16 bytes read, 4 bits of entropy available)
[   17.279832] random: systemd-udevd: uninitialized urandom read (16 bytes read, 4 bits of entropy available)
[   17.350414] random: systemd-udevd: uninitialized urandom read (16 bytes read, 4 bits of entropy available)
[   17.397396] random: udevadm: uninitialized urandom read (16 bytes read, 4 bits of entropy available)
[   17.430309] random: systemd-udevd: uninitialized urandom read (16 bytes read, 4 bits of entropy available)
[   17.465894] random: udevadm: uninitialized urandom read (16 bytes read, 4 bits of entropy available)
[   17.780537] e1000: Intel(R) PRO/1000 Network Driver - version 7.3.21-k8-NAPI
[   18.150977] e1000: Copyright (c) 1999-2006 Intel Corporation.
[   18.192863] Fusion MPT base driver 3.04.20
[   18.209640] Copyright (c) 1999-2008 LSI Corporation
[   18.362742] AVX version of gcm_enc/dec engaged.
[   18.382559] AES CTR mode by8 optimization enabled
[   18.412792] Fusion MPT SPI Host driver 3.04.20
[   18.526558] mptbase: ioc0: Initiating bringup
[   18.544895] input: ImExPS/2 Generic Explorer Mouse as /devices/platform/i8042/serio1/input/input4
[   18.641750] ioc0: LSI53C1030 A0: Capabilities={Initiator}
[   18.847100] scsi host2: ioc0: LSI53C1030 A0, FwRev=00000000h, Ports=1, MaxQ=256, IRQ=20
[   19.001973] scsi 2:0:0:0: Direct-Access     VBOX     HARDDISK         1.0  PQ: 0 ANSI: 5
[   19.062239] scsi target2:0:0: Beginning Domain Validation
[   19.092411] scsi target2:0:0: Domain Validation skipping write tests
[   19.115306] scsi target2:0:0: Ending Domain Validation
[   19.179736] scsi target2:0:0: asynchronous
[   19.280740] scsi 2:0:1:0: Direct-Access     VBOX     HARDDISK         1.0  PQ: 0 ANSI: 5
[   19.352479] scsi target2:0:1: Beginning Domain Validation
[   19.969203] scsi target2:0:1: Domain Validation skipping write tests
[   19.992582] scsi target2:0:1: Ending Domain Validation
[   20.074059] scsi target2:0:1: asynchronous
[   20.471602] sd 2:0:0:0: Attached scsi generic sg0 type 0
[   20.492523] sd 2:0:0:0: [sda] 20971520 512-byte logical blocks: (10.7 GB/10.0 GiB)
[   20.547019] sd 2:0:1:0: [sdb] 20480 512-byte logical blocks: (10.5 MB/10.0 MiB)
[   20.577419] sd 2:0:1:0: Attached scsi generic sg1 type 0
[   20.621186] sd 2:0:0:0: [sda] Write Protect is off
[   20.643241] sd 2:0:1:0: [sdb] Write Protect is off
[   20.731903] sd 2:0:0:0: [sda] Incomplete mode parameter data
[   20.755956] sd 2:0:0:0: [sda] Assuming drive cache: write through
[   20.824041] sd 2:0:1:0: [sdb] Incomplete mode parameter data
[   20.852243] sd 2:0:1:0: [sdb] Assuming drive cache: write through
[   20.944766]  sda: sda1
[   20.962198] sd 2:0:0:0: [sda] Attached SCSI disk
[   20.987451] sd 2:0:1:0: [sdb] Attached SCSI disk
[   21.282569] floppy0: no floppy controllers found
[   21.551283] e1000 0000:00:03.0 eth0: (PCI:33MHz:32-bit) 02:b2:c2:84:5d:d0
[   21.576654] e1000 0000:00:03.0 eth0: Intel(R) PRO/1000 Network Connection
[   23.507501] e1000 0000:00:08.0 eth1: (PCI:33MHz:32-bit) 08:00:27:8f:8c:83
[   23.547228] e1000 0000:00:08.0 eth1: Intel(R) PRO/1000 Network Connection
[   23.583446] e1000 0000:00:08.0 enp0s8: renamed from eth1
[   23.607705] e1000 0000:00:03.0 enp0s3: renamed from eth0
Begin: Loading e[   29.982361] md: linear personality registered for level -1
ssential drivers ... [   30.041795] md: multipath personality registered for level -4
[   30.105113] md: raid0 personality registered for level 0
[   30.142481] md: raid1 personality registered for level 1
[   30.252939] raid6: sse2x1   gen()  4036 MB/s
[   30.342911] raid6: sse2x1   xor()  3061 MB/s
[   30.431942] raid6: sse2x2   gen()  5253 MB/s
[   30.522951] raid6: sse2x2   xor()  3232 MB/s
[   30.613007] raid6: sse2x4   gen()  5097 MB/s
[   30.712981] raid6: sse2x4   xor()  3251 MB/s
[   30.730215] raid6: using algorithm sse2x2 gen() 5253 MB/s
[   30.755394] raid6: .... xor() 3232 MB/s, rmw enabled
[   30.776458] raid6: using ssse3x2 recovery algorithm
[   30.805389] xor: automatically using best checksumming function:
[   30.913105]    avx       : 22389.000 MB/sec
[   30.936033] async_tx: api initialized (async)
[   31.038855] md: raid6 personality registered for level 6
[   31.059361] md: raid5 personality registered for level 5
[   31.081033] md: raid4 personality registered for level 4
[   31.158206] md: raid10 personality registered for level 10
done.
Begin: Running /scripts/init-premount ... done.
Begin: Mounting root file system ... Begin: Running /scripts/local-top ... done.
Begin: Running /scripts/local-premount ... [   31.389757] Btrfs loaded
Scanning for Btrfs filesystems
done.
Warning: fsck not present, so skipping root file system
[   31.597265] EXT4-fs (sda1): INFO: recovery required on readonly filesystem
[   31.626335] EXT4-fs (sda1): write access will be enabled during recovery
[   31.921805] EXT4-fs (sda1): orphan cleanup on readonly fs
[   31.943107] EXT4-fs (sda1): 1 orphan inode deleted
[   31.974656] EXT4-fs (sda1): recovery complete
[   31.998148] EXT4-fs (sda1): mounted filesystem with ordered data mode. Opts: (null)
done.
Begin: Running /scripts/local-bottom ... done.
Begin: Running /scripts/init-bottom ... [   32.196665] random: nonblocking pool is initialized
done.
[   33.263763] systemd[1]: systemd 229 running in system mode. (+PAM +AUDIT +SELINUX +IMA +APPARMOR +SMACK +SYSVINIT +UTMP +LIBCRYPTSETUP +GCRYPT +GNUTLS +ACL +XZ -LZ4 +SECCOMP +BLKID +ELFUTILS +KMOD -IDN)
[   33.353590] systemd[1]: Detected virtualization oracle.
[   33.373833] systemd[1]: Detected architecture x86-64.

Welcome to [1mUbuntu 16.04.4 LTS[0m!

[   33.609670] systemd[1]: Set hostname to <ubuntu-xenial>.
[   35.212789] systemd[1]: Listening on Device-mapper event daemon FIFOs.
[[0;32m  OK  [0m] Listening on Device-mapper event daemon FIFOs.
[   35.275547] systemd[1]: Listening on Journal Socket (/dev/log).
[[0;32m  OK  [0m] Listening on Journal Socket (/dev/log).
[   35.326483] systemd[1]: Reached target Encrypted Volumes.
[[0;32m  OK  [0m] Reached target Encrypted Volumes.
[   35.386242] systemd[1]: Listening on udev Kernel Socket.
[[0;32m  OK  [0m] Listening on udev Kernel Socket.
[   35.439431] systemd[1]: Started Trigger resolvconf update for networkd DNS.
[[0;32m  OK  [0m] Started Trigger resolvconf update for networkd DNS.
[   35.494115] systemd[1]: Listening on Journal Socket.
[[0;32m  OK  [0m] Listening on Journal Socket.
[   35.540953] systemd[1]: Listening on LVM2 poll daemon socket.
[[0;32m  OK  [0m] Listening on LVM2 poll daemon socket.
[   35.590502] systemd[1]: Set up automount Arbitrary Executable File Formats File System Automount Point.
[[0;32m  OK  [0m] Set up automount Arbitrary Executab...ats File System Automount Point.
[   35.663300] systemd[1]: Reached target Swap.
[[0;32m  OK  [0m] Reached target Swap.
[   35.703689] systemd[1]: Started Forward Password Requests to Wall Directory Watch.
[[0;32m  OK  [0m] Started Forward Password Requests to Wall Directory Watch.
[   35.762144] systemd[1]: Listening on udev Control Socket.
[[0;32m  OK  [0m] Listening on udev Control Socket.
[   35.812571] systemd[1]: Listening on LVM2 metadata daemon socket.
[[0;32m  OK  [0m] Listening on LVM2 metadata daemon socket.
[   35.865069] systemd[1]: Created slice System Slice.
[[0;32m  OK  [0m] Created slice System Slice.
[   35.910264] systemd[1]: Starting Uncomplicated firewall...
         Starting Uncomplicated firewall...
[   35.955375] systemd[1]: Starting Nameserver information manager...
         Starting Nameserver information manager...
[   36.044581] systemd[1]: Mounting Huge Pages File System...
         Mounting Huge Pages File System...
[   36.123105] systemd[1]: Starting Load Kernel Modules...
         Starting Load Kernel Modules...
[   36.175678] systemd[1]: Starting Create list of required static device nodes for the current kernel...
         Starting Create list of required st... nodes for the current kernel...
[   36.255189] systemd[1]: Mounting POSIX Message Queue File System...
         Mounting POSIX Message Queue Fil[   36.317690] Loading iSCSI transport class v2.0-870.
e System...
[   36.361443] systemd[1]: Mounting Debug File System...
         Mounting Debug File System...[   36.416174] iscsi: registered transport (tcp)

[   36.445366] systemd[1]: Starting Remount Root and Kernel File Systems...
         Starting Remount Root and Kernel File Systems...[   36.524576] EXT4-fs (sda1): re-mounted. Opts: (null)

[   36.552001] systemd[1]: Created slice system-serial\x2dgetty.slice.
[[0;32m  OK  [0m] Created slice system-serial\x2dgetty.slice.
[   36.664226] systemd[1]: Created slice User and Session Slice.
[[0;32m  OK  [0m] Created slice User and Session Slice.
[   36.743802] systemd[1]: Listening on Syslog Socket.
[   36.774161] iscsi: registered transport (iser)
[[0;32m  OK  [0m] Listening on Syslog Socket.
[   36.814795] systemd[1]: Reached target Slices.
[[0;32m  OK  [0m] Reached target Slices.
[   36.866851] systemd[1]: Listening on /dev/initctl Compatibility Named Pipe.
[[0;32m  OK  [0m] Listening on /dev/initctl Compatibility Named Pipe.
[   36.920155] systemd[1]: Starting Set console keymap...
         Starting Set console keymap...
[   36.961650] systemd[1]: Listening on Journal Audit Socket.
[[0;32m  OK  [0m] Listening on Journal Audit Socket.
[   37.009871] systemd[1]: Starting Journal Service...
         Starting Journal Service...
[   37.054513] systemd[1]: Reached target User and Group Name Lookups.
[[0;32m  OK  [0m] Reached target User and Group Name Lookups.
[   37.124502] systemd[1]: Starting Monitoring of LVM2 mirrors, snapshots etc. using dmeventd or progress polling...
         Starting Monitoring of LVM2 mirrors... dmeventd or progress polling...
[   37.222750] systemd[1]: Mounted Debug File System.
[[0;32m  OK  [0m] Mounted Debug File System.
[   37.300642] systemd[1]: Mounted POSIX Message Queue File System.
[[0;32m  OK  [0m] Mounted POSIX Message Queue File System.
[   37.370481] systemd[1]: Mounted Huge Pages File System.
[[0;32m  OK  [0m] Mounted Huge Pages File System.
[   37.646582] systemd[1]: Started Uncomplicated firewall.
[[0;32m  OK  [0m] Started Uncomplicated firewall.
[   38.115591] systemd[1]: Started Load Kernel Modules.
[[0;32m  OK  [0m] Started Load Kernel Modules.
[   38.211606] systemd[1]: Started Create list of required static device nodes for the current kernel.
[[0;32m  OK  [0m] Started Create list of required sta...ce nodes for the current kernel.
[   38.324396] systemd[1]: Started Remount Root and Kernel File Systems.
[[0;32m  OK  [0m] Started Remount Root and Kernel File Systems.
[   38.392505] systemd[1]: Started Set console keymap.
[[0;32m  OK  [0m] Started Set console keymap.
[   38.437139] systemd[1]: Started Nameserver information manager.
[[0;32m  OK  [0m] Started Nameserver information manager.
[   38.501525] systemd[1]: Started Journal Service.
[[0;32m  OK  [0m] Started Journal Service.
[[0;32m  OK  [0m] Started LVM2 metadata daemon.
         Starting Initial cloud-init job (pre-networking)...
         Starting Load/Save Random Seed...
         Starting Flush Journal to Persistent Storage...
         Starting udev Coldplug all Devices...
         Starting Create Static Device Nodes in /dev...
         Starting Apply Kernel Variables...
         Mounting FUSE Control File System...
[[0;32m  OK  [0m] Mounted FUSE Control File System.
[[0;32m  OK  [0m] Started Load/Save Random Seed.
[[0;32m  OK  [0m] Started Monitoring of LVM2 mirrors,...ng dmeventd or progress polling.
[[0;32m  OK  [0m] Started Apply Kernel Variables.
[[0;32m  OK  [0m] Started Create Static Device Nodes in /dev.
[[0;32m  OK  [0m] Started udev Coldplug all Devices.
[[0;32m  OK  [0m] Started Flush Journal to Persistent Storage.
         Starting udev Kernel Device Manager...
[[0;32m  OK  [0m] Started udev Kernel Device Manager.
[[0;32m  OK  [0m] Started Dispatch Password Requests to Console Directory Watch.
[[0;32m  OK  [0m] Reached target Local File Systems (Pre).
[[0;32m  OK  [0m] Reached target Local File Systems.
         Starting Tell Plymouth To Write Out Runtime Data...
         Starting LSB: AppArmor initialization...
         Starting Create Volatile Files and Directories...
         Starting Set console font and keymap...
[[0;32m  OK  [0m] Started Tell Plymouth To Write Out Runtime Data.
[[0;32m  OK  [0m] Started Create Volatile Files and Directories.
         Starting Update UTMP about System Boot/Shutdown...
[[0;32m  OK  [0m] Reached target System Time Synchronized.
[[0;32m  OK  [0m] Started Update UTMP about System Boot/Shutdown.
[[0;32m  OK  [0m] Found device /dev/ttyS0.
[[0;32m  OK  [0m] Started LSB: AppArmor initialization.
[[0;32m  OK  [0m] Found device 82540EM Gigabit Ethern...r (PRO/1000 MT Desktop Adapter).
[[0;32m  OK  [0m] Found device 82540EM Gigabit Ethern...r (PRO/1000 MT Desktop Adapter).
[   42.862785] cloud-init[430]: Cloud-init v. 17.2 running 'init-local' at Tue, 27 Mar 2018 03:32:45 +0000. Up 41.10 seconds.
[[0;32m  OK  [0m] Started Initial cloud-init job (pre-networking).
[[0;32m  OK  [0m] Reached target Network (Pre).
[[0;32m  OK  [0m] Started ifup for enp0s3.
         Starting Raise network interfaces...
[[0;32m  OK  [0m] Started ifup for enp0s8.
[[0;32m  OK  [0m] Listening on Load/Save RF Kill Switch Status /dev/rfkill Watch.
[[0;32m  OK  [0m] Started Set console font and keymap.
[[0;32m  OK  [0m] Created slice system-getty.slice.
[[0;32m  OK  [0m] Started Raise network interfaces.
[[0;32m  OK  [0m] Reached target Network.
         Starting Initial cloud-init job (metadata service crawler)...
[   62.539138] cloud-init[1062]: Cloud-init v. 17.2 running 'init' at Tue, 27 Mar 2018 03:33:03 +0000. Up 59.29 seconds.
[   62.724894] cloud-init[1062]: ci-info: ++++++++++++++++++++++++++++++++++++++Net device info++++++++++++++++++++++++++++++++++++++
[   62.945940] cloud-init[1062]: ci-info: +--------+------+-----------------------------+---------------+-------+-------------------+
[   63.078200] [cloud-init[1062]: [0;32m  OK  [0mci-info: | Device |  Up  |           Address           |      Mask     | Scope |     Hw-Address    |] Started Initial cloud-init job (metadata service crawler).
[[0;32m  OK  [0m
] Reached target System Initialization.[   63.201692] cloud-init[1062]: 
ci-info: +--------+------+-----------------------------+---------------+-------+-------------------+
[   63.256794] cloud-init[1062]: ci-info: | enp0s3 | True |          10.0.2.15          | 255.255.255.0 |   .   | 02:b2:c2:84:5d:d0 |
[   63.362141] [[0;32m  OK  [0mcloud-init] [1062]: Started Timer to automatically refresh installed snaps.ci-info: | enp0s3 | True |  fe80::b2:c2ff:fe84:5dd0/64 |       .       |  link | 02:b2:c2:84:5d:d0 |
[[0;32m  OK  [0m] Started Daily Cleanup of Temporary Directories.
[   63.603804] 
cloud-init[1062]: [[0;32m  OK  [0mci-info: | enp0s8 | True |         192.168.0.2         | 255.255.255.0 |   .   | 08:00:27:8f:8c:83 |] Started ACPI Events Check.
[   63.763280] 
[[0;32m  OK  [0mcloud-init] [1062]: Reached target Paths.ci-info: | enp0s8 | True | fe80::a00:27ff:fe8f:8c83/64 |       .       |  link | 08:00:27:8f:8c:83 |
[[0;32m  OK  [0m] Listening on D-Bus System Message Bus Socket.
[[0;32m  OK  [0m] Listening on ACPID Listen Socket.
[[0;32m  OK  [0m] Started Daily apt download activities.
[[0;32m  OK  [0m] Started Daily apt upgrade and clean activities.
[[0;32m  OK  [0m] Started Clean PHP session files every 30 mins.
[[0;32m  OK  [0m] Listening on UUID daemon activation socket.
         Starting LXD - unix socket.
[[0;32m  OK  [0m] Reached target Timers.
         Starting Socket activation for snappy daemon.
[[0;32m  OK  [0m] Reached target Network is Online.

         [   64.292103] Starting iSCSI initiator daemon (iscsid)...cloud-init[1062]: 
ci-info: |   lo   | True |          127.0.0.1          |   255.0.0.0   |   .   |         .         |[[0;32m  OK  [0m] Reached target Cloud-config availability.

[   64.562873] cloud-init[[0;32m  OK  [0m] Listening on LXD - unix socket.
[[0;32m  OK  [0m] Listening on Socket activation for snappy daemon.
[1062]: ci-info: |   lo   | True |           ::1/128           |       .       |  host |         .         |
[   64.847174] [[0;32m  OK  [0m] Reached target Sockets.
[[0;32m  OK  [0m] Reached target Basic System.
[[0;32m  OK  [0m] Started Unattended Upgrades Shutdown.
cloud-init[1062]: ci-info: +--------+------+-----------------------------+---------------+-------+-------------------+
[   65.069431] [cloud-init[1062]: ci-info: +++++++++++++++++++++++++++Route IPv4 info++++++++++++++++++++++++++++
[   65.094075] cloud-init[1062]: ci-info: +-------+-------------+----------+---------------+-----------+-------+
[   65.095621] cloud-init[1062]: ci-info: | Route | Destination | Gateway  |    Genmask    | Interface | Flags |
[   65.095801] cloud-init[1062]: ci-info: +-------+-------------+----------+---------------+-----------+-------+
[   65.096037] cloud-init[1062]: ci-info: |   0   |   0.0.0.0   | 10.0.2.2 |    0.0.0.0    |   enp0s3  |   UG  |
[   65.096195] cloud-init[1062]: ci-info: |   1   |   10.0.2.0  | 0.0.0.0  | 255.255.255.0 |   enp0s3  |   U   |
[   65.096410] cloud-init[1062]: ci-info: |   2   | 192.168.0.0 | 0.0.0.0  | 255.255.255.0 |   enp0s8  |   U   |
[   65.096557] cloud-init[1062]: ci-info: +-------+-------------+----------+---------------+-----------+-------+
[0;32m  OK  [0m] Started D-Bus System Message Bus.
         Starting Clean php session files...
         Starting LSB: MD monitoring daemon...
         Starting The PHP 7.2 FastCGI Process Manager...
         Starting LSB: Record successful boot for GRUB...
         Starting Snappy daemon...
         Starting Apply the settings specified in cloud-config...
[[0;32m  OK  [0m] Started ACPI event daemon.
         Starting OpenBSD Secure Shell server...
[[0;32m  OK  [0m] Started Deferred execution scheduler.
[[0;32m  OK  [0m] Started FUSE filesystem for LXC.
         Starting System Logging Service...
         Starting Accounts Service...
         Starting A high performance web server and a reverse proxy server...
         Starting /etc/rc.local Compatibility...
[[0;32m  OK  [0m] Started Regular background program processing daemon.
         Starting Login Service...
         Starting LXD - container startup/shutdown...
[[0;32m  OK  [0m] Started System Logging Service.
[[0;32m  OK  [0m] Started iSCSI initiator daemon (iscsid).
[[0;32m  OK  [0m] Started /etc/rc.local Compatibility.
[[0;32m  OK  [0m] Started OpenBSD Secure Shell server.
         Starting Login to default iSCSI targets...
[[0;32m  OK  [0m] Started Login Service.
[[0;32m  OK  [0m] Started LSB: MD monitoring daemon.
[[0;32m  OK  [0m] Started LSB: Record successful boot for GRUB.
         Starting Authenticate and Authorize Users to Run Privileged Tasks...
[[0;32m  OK  [0m] Started Login to default iSCSI targets.
[[0;32m  OK  [0m] Reached target Remote File Systems (Pre).
[[0;32m  OK  [0m] Reached target Remote File Systems.
         Starting LSB: Set the CPU Frequency Scaling governor to "ondemand"...
         Starting Permit User Sessions...
         Starting LSB: automatic crash report generation...
         Starting LSB: VirtualBox Linux Additions...
         Starting LSB: daemon to balance interrupts for SMP systems...
[[0;32m  OK  [0m] Started LSB: Set the CPU Frequency Scaling governor to "ondemand".
[[0;32m  OK  [0m] Started Permit User Sessions.
         Starting Hold until boot process finishes up...
         Starting Terminate Plymouth Boot Screen...
[[0;32m  OK  [0m] Started Hold until boot process finishes up.
[[0;32m  OK  [0m] Started Terminate Plymouth Boot Screen.
[[0;32m  OK  [0m] Started LSB: daemon to balance interrupts for SMP systems.
[[0;32m  OK  [0m] Started Authenticate and Authorize Users to Run Privileged Tasks.
[[0;32m  OK  [0m] Started Accounts Service.
[   72.672690] [[0;32m  OK  [0m] Started Serial Getty on ttyS0.
         Starting Set console scheme...
[[0;32m  OK  [0m] Started Getty on tty1.
[[0;32m  OK  [0m] Reached target Login Prompts.
cloud-init[1152]: Cloud-init v. 17.2 running 'modules:config' at Tue, 27 Mar 2018 03:33:13 +0000. Up 69.60 seconds.
[[0;32m  OK  [0m] Started Apply the settings specified in cloud-config.
[[0;32m  OK  [0m] Started Set console scheme.
[[0;32m  OK  [0m] Started LSB: automatic crash report generation.
[[0;32m  OK  [0m] Created slice User Slice of vagrant.
         Starting User Manager for UID 1000...
[[0;32m  OK  [0m] Started Session 1 of user vagrant.
[[0;32m  OK  [0m] Started A high performance web server and a reverse proxy server.
[[0;32m  OK  [0m] Started User Manager for UID 1000.
[[0;32m  OK  [0m] Started LSB: VirtualBox Linux Additions.
[[0;32m  OK  [0m] Started Snappy daemon.
[[0;32m  OK  [0m] Started LXD - container startup/shutdown.
[[0;32m  OK  [0m] Started The PHP 7.2 FastCGI Process Manager.
[[0;32m  OK  [0m] Reached target Multi-User System.
[[0;32m  OK  [0m] Reached target Graphical Interface.
         Starting Execute cloud user/final scripts...
         Starting Update UTMP about System Runlevel Changes...
[[0;32m  OK  [0m] Started Update UTMP about System Runlevel Changes.

Ubuntu 16.04.4 LTS ubuntu-xenial ttyS0

ubuntu-xenial login: [   81.710452] cloud-init[1432]: Cloud-init v. 17.2 running 'modules:final' at Tue, 27 Mar 2018 03:33:24 +0000. Up 80.51 seconds.
[   81.849121] cloud-init[1432]: Cloud-init v. 17.2 finished at Tue, 27 Mar 2018 03:33:25 +0000. Datasource DataSourceNoCloud [seed=/dev/sdb][dsmode=net].  Up 81.67 seconds
